1회째 실행!
2019-04-13 07:19:51.535976: 데이터 수집을 시작합니다.
2019-04-13 07:19:51.535976: 남도학숙 사이트에 들어갔습니다.
2019-04-13 07:19:51.535976: 아이디 입력 완료
2019-04-13 07:19:51.535976: 비밀번호 입력 완료
2019-04-13 07:19:51.535976: 로그인 버튼 클릭 완료
2019-04-13 07:19:51.535976: 팝업창 확인 클릭 완료
2019-04-13 07:19:51.535976: '학생생활지원' 클릭 완료
2019-04-13 07:19:51.535976: '식단표' 클릭 완료
2019-04-13 07:19:51.535976: '이전주 보기' 클릭 완료
2019-04-13 07:19:51.535976: {'style': 'height:80px'} 검색 완료
2019-04-13 07:19:51.535976: compare_list: [['20190401', '황태된장국,동그랑땡,숙주나물,건파래볶음,김치', '봄나물보리비빔밥,청국장찌개,김치,딸기파인쥬스', '발아현미밥,꽁치통조림김치찌개,달걀당면만두,건새우마늘쫑볶음,백김치'], ['20190402', '베이글/크림치즈,브로콜리스프,꽃맛살샐러드,오렌지쥬스', '시래기밥/양념장,들깨순두부찌개,연북어강정,시금치나물,김치', '혼합잡곡밥,근대국/누룽지,쭈꾸미삼겹볶음,양배추/다사마쌈,무채절이,김치'], ['20190403', '타락죽,소시지달걀스크렘블,뱅어포볶음,김치볶음,사과', '탄탄면,LA찹쌀떡,단무지,김치', '차조밥,육개장만두국,꼬막전/깻잎전,밤부추생채,김치'], ['20190404', '군대리아', '렌즈콩밥,두부베이컨된장덮밥,콩나물국,기름떡볶이,참나물생채,김치', '율무밥,돈육얼큰찌개,상추튀김,양파간장절이,오이도라지생채,김치'], ['20190405', '미역맑은국,미트볼땅콩강정,꼴뚜기젓양파무침,표고죽순볶음,김치', '흑미찰밥,호박새우젓찌개,치즈불닭,풋마늘김무침,김치', '기장밥,소고기버섯맑은장국,삼치깐풍구이,우엉채튀김무침,김치'], ['20190406', '연유치즈토스트,두유,양배추요거트샐러드,바나나', '클로렐라쌀밥,비트토마토스트,생선까스/새우까스,망고타르소스,고구마콘샐러드,김치', '서리태밥,햄짜글이찌개,불고기잡채,해파리오징어냉채,김치'], ['20190407', '된장찌개,달걀말이,깻잎절이,김치', '소시지마늘마요볶음밥,나가사키어묵탕,오이단무지채무침,김치,모둠과일', '찰수수밥,알매운탕,돈육갈비데리야끼조림,도토리묵돗나물무침,김치']]
2019-04-13 07:19:51.535976: './data/crawling_menu/this_week_menu.csv' 쓰기 완료
2019-04-13 07:19:51.535976: './data/crawling_menu/backup_menu.csv' 쓰기 완료
2019-04-13 07:19:51.535976: dic_parsing_menu: {'eu20190406b': '클로렐라쌀밥,비트토마토스트,생선까스/새우까스,망고타르소스,고구마콘샐러드,김치', 'eu20190407c': '찰수수밥,알매운탕,돈육갈비데리야끼조림,도토리묵돗나물무침,김치', 'eu20190401a': '황태된장국,동그랑땡,숙주나물,건파래볶음,김치', 'eu20190406a': '연유치즈토스트,두유,양배추요거트샐러드,바나나', 'eu20190407b': '소시지마늘마요볶음밥,나가사키어묵탕,오이단무지채무침,김치,모둠과일', 'eu20190401b': '봄나물보리비빔밥,청국장찌개,김치,딸기파인쥬스', 'eu20190405c': '기장밥,소고기버섯맑은장국,삼치깐풍구이,우엉채튀김무침,김치', 'eu20190403b': '탄탄면,LA찹쌀떡,단무지,김치', 'eu20190405b': '흑미찰밥,호박새우젓찌개,치즈불닭,풋마늘김무침,김치', 'eu20190402c': '혼합잡곡밥,근대국/누룽지,쭈꾸미삼겹볶음,양배추/다사마쌈,무채절이,김치', 'eu20190407a': '된장찌개,달걀말이,깻잎절이,김치', 'eu20190402b': '시래기밥/양념장,들깨순두부찌개,연북어강정,시금치나물,김치', 'eu20190404b': '렌즈콩밥,두부베이컨된장덮밥,콩나물국,기름떡볶이,참나물생채,김치', 'eu20190403c': '차조밥,육개장만두국,꼬막전/깻잎전,밤부추생채,김치', 'eu20190403a': '타락죽,소시지달걀스크렘블,뱅어포볶음,김치볶음,사과', 'eu20190402a': '베이글/크림치즈,브로콜리스프,꽃맛살샐러드,오렌지쥬스', 'eu20190404a': '군대리아', 'eu20190404c': '율무밥,돈육얼큰찌개,상추튀김,양파간장절이,오이도라지생채,김치', 'eu20190405a': '미역맑은국,미트볼땅콩강정,꼴뚜기젓양파무침,표고죽순볶음,김치', 'eu20190401c': '발아현미밥,꽁치통조림김치찌개,달걀당면만두,건새우마늘쫑볶음,백김치', 'eu20190406c': '서리태밥,햄짜글이찌개,불고기잡채,해파리오징어냉채,김치'}
2019-04-13 07:19:51.535976: ./data/crawling_menu/all_menu.dat을 불러왔습니다.
2019-04-13 07:19:51.535976: 크롤링한 데이터를 업데이트 했습니다.
2019-04-13 07:19:51.535976: ./data/crawling_menu/all_menu.dat을 새로 작성했습니다.
2019-04-13 07:19:51.535976: '다음주 보기' 클릭 완료 (1/ 4)
2019-04-13 07:19:51.535976: {'style': 'height:80px'} 검색 완료
2019-04-13 07:19:51.535976: compare_list: [['20190408', '허니버터브레드/생크림,쨈,양송이스프,망고쥬스,대추방울토마토', '바지락냉이밥/달래장,황태맑은국,어묵엿장조림,김구이,두부구이,김치볶음', '퀴노아밥,단호박카레라이스,팽이장국,케이준치킨샐러드,오복지무침,김치'], ['20190409', '마들깨죽,탱탱비엔나볶음,취나물무침,멸치청양볶음,김치', '비빔냉면,유부장국,왕만두찜,김치', '혼합잡곡밥,아욱국/누룽지,콩불,깻잎&amp;무쌈,부추양파절이/김치'], ['20190410', '미니와플/잼,콘푸로스트/우유,스크렘블에그,바나나', '율무밥,고추장수제비국,오징어커틀릿/타르소스,머위잎나물,김치', '찰수수밥,참치김치찌개,백순대볶음,봄동나물,백김치'], ['20190411', '홍합살미역국,소고기메추리알장조림,도라지배생채,김치,사과', '함경도식닭비빔밥,아욱구김치,비타민폭탄쥬스', '고구마밥,소고기버섯찌개,고등어자반구이,가지튀김무침,김치'], ['20190412', '순두부팽이찌개,감자베이컨조림,명엽채볶음,김치', '블루베리쌀밥,클렘차우더스프,함박스테이크/참깨소스,연근칩샐러드,마늘쫑락교무침,김치', '발아현미밥,쭈꾸미연포탕,버섯맛살전/고추장떡,참나물생채,김치'], ['20190413', '떡맑은국,닭살표고조림,무부추생채,김치', '낙지볶음밥,달걀후라이/콩나물국,오이깍둑무침,김치,생과일샐러드', '서리태밥,돈육냉이찌개,꽁치김치찜,얌운센샐러드,배추겉절이'], ['20190414', '시나몬프렌치토스트,검은콩두유,콘치즈버터구이,양배추샐러드', '삼선짜장면,게살탕,모둠탕수,단무지,김치', '흑미밥,달래된장찌개,허니갈릭마요치킨,무피클,미나리우렁이무침,김치']]
2019-04-13 07:19:51.535976: './data/crawling_menu/this_week_menu.csv' 쓰기 완료
2019-04-13 07:19:51.535976: './data/crawling_menu/backup_menu.csv' 쓰기 완료
2019-04-13 07:19:51.535976: dic_parsing_menu: {'eu20190412b': '블루베리쌀밥,클렘차우더스프,함박스테이크/참깨소스,연근칩샐러드,마늘쫑락교무침,김치', 'eu20190408b': '바지락냉이밥/달래장,황태맑은국,어묵엿장조림,김구이,두부구이,김치볶음', 'eu20190411a': '홍합살미역국,소고기메추리알장조림,도라지배생채,김치,사과', 'eu20190412c': '발아현미밥,쭈꾸미연포탕,버섯맛살전/고추장떡,참나물생채,김치', 'eu20190408c': '퀴노아밥,단호박카레라이스,팽이장국,케이준치킨샐러드,오복지무침,김치', 'eu20190409b': '비빔냉면,유부장국,왕만두찜,김치', 'eu20190414a': '시나몬프렌치토스트,검은콩두유,콘치즈버터구이,양배추샐러드', 'eu20190410b': '율무밥,고추장수제비국,오징어커틀릿/타르소스,머위잎나물,김치', 'eu20190411c': '고구마밥,소고기버섯찌개,고등어자반구이,가지튀김무침,김치', 'eu20190410a': '미니와플/잼,콘푸로스트/우유,스크렘블에그,바나나', 'eu20190413a': '떡맑은국,닭살표고조림,무부추생채,김치', 'eu20190414b': '삼선짜장면,게살탕,모둠탕수,단무지,김치', 'eu20190412a': '순두부팽이찌개,감자베이컨조림,명엽채볶음,김치', 'eu20190409c': '혼합잡곡밥,아욱국/누룽지,콩불,깻잎&amp;무쌈,부추양파절이/김치', 'eu20190408a': '허니버터브레드/생크림,쨈,양송이스프,망고쥬스,대추방울토마토', 'eu20190410c': '찰수수밥,참치김치찌개,백순대볶음,봄동나물,백김치', 'eu20190413b': '낙지볶음밥,달걀후라이/콩나물국,오이깍둑무침,김치,생과일샐러드', 'eu20190414c': '흑미밥,달래된장찌개,허니갈릭마요치킨,무피클,미나리우렁이무침,김치', 'eu20190411b': '함경도식닭비빔밥,아욱구김치,비타민폭탄쥬스', 'eu20190409a': '마들깨죽,탱탱비엔나볶음,취나물무침,멸치청양볶음,김치', 'eu20190413c': '서리태밥,돈육냉이찌개,꽁치김치찜,얌운센샐러드,배추겉절이'}