Performing system checks...

System check identified no issues (0 silenced).
August 08, 2019 - 20:30:49
Django version 2.1.8, using settings 'namsigdang.settings'
Starting development server at http://0:3000/
Quit the server with CONTROL-C.
Performing system checks...

System check identified no issues (0 silenced).
August 08, 2019 - 20:32:10
Django version 2.1.8, using settings 'namsigdang.settings'
Starting development server at http://0:3000/
Quit the server with CONTROL-C.
Performing system checks...

System check identified no issues (0 silenced).
August 08, 2019 - 20:32:12
Django version 2.1.8, using settings 'namsigdang.settings'
Starting development server at http://0:3000/
Quit the server with CONTROL-C.
Performing system checks...

System check identified no issues (0 silenced).
August 08, 2019 - 20:32:17
Django version 2.1.8, using settings 'namsigdang.settings'
Starting development server at http://0:3000/
Quit the server with CONTROL-C.
Performing system checks...

System check identified no issues (0 silenced).
August 08, 2019 - 20:33:41
Django version 2.1.8, using settings 'namsigdang.settings'
Starting development server at http://0:3000/
Quit the server with CONTROL-C.
[08/Aug/2019 20:37:47] "GET / HTTP/1.1" 404 77
[08/Aug/2019 20:37:47] "GET /favicon.ico HTTP/1.1" 404 77
[08/Aug/2019 20:37:49] "GET / HTTP/1.1" 404 77
[08/Aug/2019 20:37:50] "GET / HTTP/1.1" 404 77
[08/Aug/2019 20:50:15] "GET /eunpyeong/dat HTTP/1.1" 404 77
[08/Aug/2019 20:50:20] "GET /eunpyeong/menu HTTP/1.1" 301 0
[08/Aug/2019 20:50:21] "GET /eunpyeong/menu/ HTTP/1.1" 200 147891
[08/Aug/2019 20:50:23] "GET /eunpyeong/menu/ HTTP/1.1" 200 147891
[08/Aug/2019 20:50:39] "GET /eunpyeong/2019/ HTTP/1.1" 404 77
[08/Aug/2019 20:50:47] "GET /eunpyeong/2019/8 HTTP/1.1" 404 77
[08/Aug/2019 20:50:59] "GET /eunpyeong/menu/2019/8 HTTP/1.1" 301 0
[08/Aug/2019 20:50:59] "GET /eunpyeong/menu/2019/8/ HTTP/1.1" 200 5543
[08/Aug/2019 20:51:20] "GET /eunpyeong/menu/2019/8/ HTTP/1.1" 200 5543
[08/Aug/2019 20:54:28] "GET /eunpyeong/menu/2019/8/ HTTP/1.1" 200 5543
[08/Aug/2019 20:54:32] "GET /eunpyeong/menu/2019/8/ HTTP/1.1" 200 5543
[08/Aug/2019 20:54:40] "GET /eunpyeong/menu/2019/8/ HTTP/1.1" 200 5543
[08/Aug/2019 21:07:11] "GET /eunpyeong/menu/ HTTP/1.1" 200 147891
[08/Aug/2019 21:07:16] "GET /eunpyeong/menu/all HTTP/1.1" 200 147891
[08/Aug/2019 21:07:25] "GET /eunpyeong/menu/2019 HTTP/1.1" 404 77
[08/Aug/2019 21:07:32] "GET /eunpyeong/menu/2019/8/ HTTP/1.1" 200 5543
[08/Aug/2019 21:07:45] "GET /eunpyeong/menu/2019/8/ HTTP/1.1" 200 5543
[09/Aug/2019 08:08:54] "GET /favicon.ico HTTP/1.1" 404 77
[09/Aug/2019 12:33:37] "GET /favicon.ico HTTP/1.1" 404 77
[09/Aug/2019 12:47:34] "GET /favicon.ico HTTP/1.1" 404 77
[09/Aug/2019 12:47:35] "GET /eunpyeong/menu/2019/8/ HTTP/1.1" 200 5543
[09/Aug/2019 17:16:11] "GET /eunpyeong/menu/ HTTP/1.1" 200 147891
[09/Aug/2019 17:16:12] "GET /favicon.ico HTTP/1.1" 404 77
[09/Aug/2019 18:39:03] "GET /favicon.ico HTTP/1.1" 404 77
[09/Aug/2019 19:49:19] "GET /eunpyeong/menu/all HTTP/1.1" 200 147891
[09/Aug/2019 19:49:19] "GET /favicon.ico HTTP/1.1" 404 77
[09/Aug/2019 19:49:40] "GET /eunpyeong/menu/all HTTP/1.1" 200 147891
[09/Aug/2019 19:49:48] "GET /eunpyeong/menu/2019/08 HTTP/1.1" 301 0
[09/Aug/2019 19:49:50] "GET /eunpyeong/menu/2019/08/ HTTP/1.1" 200 5543
[09/Aug/2019 19:49:50] "GET /favicon.ico HTTP/1.1" 404 77
[10/Aug/2019 15:12:49] "GET /favicon.ico HTTP/1.1" 404 77
[10/Aug/2019 15:14:31] "GET /menu/eunpyeong HTTP/1.1" 404 77
[10/Aug/2019 15:14:31] "GET /favicon.ico HTTP/1.1" 404 77
[10/Aug/2019 15:14:36] "GET /menu/eunpyeong/all HTTP/1.1" 404 77
[10/Aug/2019 15:14:56] "GET /eunpyeong/menu HTTP/1.1" 301 0
[10/Aug/2019 15:14:56] "GET /eunpyeong/menu/ HTTP/1.1" 200 147891
[10/Aug/2019 15:15:33] "GET /eunpyeong/menu/ HTTP/1.1" 200 147891
[10/Aug/2019 15:15:33] "GET /favicon.ico HTTP/1.1" 404 77
[10/Aug/2019 15:15:49] "GET /eunpyeong/menu/ HTTP/1.1" 200 147891
[10/Aug/2019 15:15:50] "GET /favicon.ico HTTP/1.1" 404 77
[10/Aug/2019 15:17:01] "GET /eunpyeong/menu/ HTTP/1.1" 200 147891
[10/Aug/2019 15:19:08] "GET /eunpyeong/menu/2019/8 HTTP/1.1" 301 0
[10/Aug/2019 15:19:08] "GET /eunpyeong/menu/2019/8/ HTTP/1.1" 200 5543
[10/Aug/2019 15:19:29] "GET /eunpyeong/menu/ HTTP/1.1" 200 147891
[10/Aug/2019 15:20:06] "GET /eunpyeong/menu/ HTTP/1.1" 200 147891
[10/Aug/2019 15:20:20] "GET /eunpyeong/menu/ HTTP/1.1" 200 147891
[10/Aug/2019 15:20:22] "GET /eunpyeong/menu/ HTTP/1.1" 200 147891
[10/Aug/2019 15:21:09] "GET /eunpyeong/menu/ HTTP/1.1" 200 147891
[10/Aug/2019 15:21:11] "GET /eunpyeong/menu/ HTTP/1.1" 200 147891
[10/Aug/2019 15:21:14] "GET /eunpyeong/menu/ HTTP/1.1" 200 147891
[10/Aug/2019 15:21:18] "GET /eunpyeong/menu/ HTTP/1.1" 200 147891
[10/Aug/2019 15:21:21] "GET /eunpyeong/menu/ HTTP/1.1" 200 147891
[10/Aug/2019 18:33:38] "GET /favicon.ico HTTP/1.1" 404 77
[11/Aug/2019 02:27:10] "GET /eunpyeong/menu/ HTTP/1.1" 200 147891
[11/Aug/2019 02:28:32] "GET /eunpyeong/menu/ HTTP/1.1" 200 147891
[11/Aug/2019 02:28:33] "GET /eunpyeong/menu/ HTTP/1.1" 200 147891
[11/Aug/2019 02:32:09] "GET /eunpyeong/menu/ HTTP/1.1" 200 147891
[11/Aug/2019 02:32:16] "GET /eunpyeong/menu/ HTTP/1.1" 200 147891
[11/Aug/2019 02:32:21] "GET /eunpyeong/menu/ HTTP/1.1" 200 147891
[11/Aug/2019 02:32:23] "GET /eunpyeong/menu/ HTTP/1.1" 200 147891
[11/Aug/2019 02:33:32] "GET /eunpyeong/menu/ HTTP/1.1" 200 147891
[11/Aug/2019 02:39:57] "GET /eunpyeong/menu/ HTTP/1.1" 200 147891
[11/Aug/2019 02:41:38] "GET /eunpyeong/menu/ HTTP/1.1" 200 147891
[11/Aug/2019 02:42:00] "GET /eunpyeong/menu/ HTTP/1.1" 200 147891
[11/Aug/2019 02:44:11] "GET /eunpyeong/menu/2019/08 HTTP/1.1" 301 0
[11/Aug/2019 02:44:11] "GET /eunpyeong/menu/2019/08/ HTTP/1.1" 200 5543
[11/Aug/2019 02:44:16] "GET /eunpyeong/menu/2019/08 HTTP/1.1" 301 0
[11/Aug/2019 02:44:16] "GET /eunpyeong/menu/2019/08/ HTTP/1.1" 200 5543
[11/Aug/2019 02:44:18] "GET /eunpyeong/menu/2019/08 HTTP/1.1" 301 0
[11/Aug/2019 02:44:18] "GET /eunpyeong/menu/2019/08/ HTTP/1.1" 200 5543
[11/Aug/2019 02:44:20] "GET /eunpyeong/menu/2019/08 HTTP/1.1" 301 0
[11/Aug/2019 02:44:20] "GET /eunpyeong/menu/2019/08/ HTTP/1.1" 200 5543
[11/Aug/2019 02:44:21] "GET /eunpyeong/menu/2019/08 HTTP/1.1" 301 0
[11/Aug/2019 02:44:21] "GET /eunpyeong/menu/2019/08/ HTTP/1.1" 200 5543
[11/Aug/2019 02:44:24] "GET /eunpyeong/menu/2019/08 HTTP/1.1" 301 0
[11/Aug/2019 02:44:24] "GET /eunpyeong/menu/2019/08/ HTTP/1.1" 200 5543
[11/Aug/2019 02:44:27] "GET /eunpyeong/menu/2019/07 HTTP/1.1" 301 0
[11/Aug/2019 02:44:27] "GET /eunpyeong/menu/2019/07/ HTTP/1.1" 200 8755
[11/Aug/2019 02:44:31] "GET /eunpyeong/menu/2019/06 HTTP/1.1" 301 0
[11/Aug/2019 02:44:32] "GET /eunpyeong/menu/2019/06/ HTTP/1.1" 200 8605
[11/Aug/2019 02:44:43] "GET /eunpyeong/menu/ll20/19 HTTP/1.1" 404 77
[11/Aug/2019 02:45:03] "GET /eunpyeong/menu/2019/08 HTTP/1.1" 301 0
[11/Aug/2019 02:45:04] "GET /eunpyeong/menu/2019/08/ HTTP/1.1" 200 5543
[11/Aug/2019 02:53:07] "GET /eunpyeong/menu/2019/08 HTTP/1.1" 301 0
[11/Aug/2019 02:53:07] "GET /eunpyeong/menu/2019/08/ HTTP/1.1" 200 5543
[11/Aug/2019 02:53:09] "GET /eunpyeong/menu/2019/08 HTTP/1.1" 301 0
[11/Aug/2019 02:53:09] "GET /eunpyeong/menu/2019/08/ HTTP/1.1" 200 5543
[11/Aug/2019 02:54:22] "GET /eunpyeong/menu/2019/08 HTTP/1.1" 301 0
[11/Aug/2019 02:54:22] "GET /eunpyeong/menu/2019/08/ HTTP/1.1" 200 5543
[11/Aug/2019 02:54:26] "GET /eunpyeong/menu/2019/08 HTTP/1.1" 301 0
[11/Aug/2019 02:54:26] "GET /eunpyeong/menu/2019/08/ HTTP/1.1" 200 5543
[11/Aug/2019 02:55:09] "GET /eunpyeong/menu/2019/08 HTTP/1.1" 301 0
[11/Aug/2019 02:55:09] "GET /eunpyeong/menu/2019/08/ HTTP/1.1" 200 5543
[11/Aug/2019 03:00:01] "GET /eunpyeong/menu/2019/08 HTTP/1.1" 301 0
[11/Aug/2019 03:00:01] "GET /eunpyeong/menu/2019/08/ HTTP/1.1" 200 5543
[11/Aug/2019 03:01:15] "GET /eunpyeong/menu/2019/08 HTTP/1.1" 301 0
[11/Aug/2019 03:01:15] "GET /eunpyeong/menu/2019/08/ HTTP/1.1" 200 5543
[11/Aug/2019 03:01:15] "GET /eunpyeong/menu/2019/08 HTTP/1.1" 301 0
[11/Aug/2019 03:01:16] "GET /eunpyeong/menu/2019/08/ HTTP/1.1" 200 5543
[11/Aug/2019 03:01:18] "GET /eunpyeong/menu/2019/08 HTTP/1.1" 301 0
[11/Aug/2019 03:01:18] "GET /eunpyeong/menu/2019/08/ HTTP/1.1" 200 5543
[11/Aug/2019 03:02:23] "GET /eunpyeong/menu/2019/08 HTTP/1.1" 301 0
[11/Aug/2019 03:02:23] "GET /eunpyeong/menu/2019/08/ HTTP/1.1" 200 5543
[11/Aug/2019 03:02:24] "GET /eunpyeong/menu/2019/08 HTTP/1.1" 301 0
[11/Aug/2019 03:02:24] "GET /eunpyeong/menu/2019/08/ HTTP/1.1" 200 5543
[11/Aug/2019 03:03:56] "GET /eunpyeong/menu/2019/08 HTTP/1.1" 301 0
[11/Aug/2019 03:03:56] "GET /eunpyeong/menu/2019/08/ HTTP/1.1" 200 5543
[11/Aug/2019 03:04:24] "GET /eunpyeong/menu/2019/08 HTTP/1.1" 301 0
[11/Aug/2019 03:04:24] "GET /eunpyeong/menu/2019/08/ HTTP/1.1" 200 5543
[11/Aug/2019 03:04:25] "GET /eunpyeong/menu/2019/08 HTTP/1.1" 301 0
[11/Aug/2019 03:04:25] "GET /eunpyeong/menu/2019/08/ HTTP/1.1" 200 5543
[11/Aug/2019 03:04:29] "GET /eunpyeong/menu/2019/08 HTTP/1.1" 301 0
[11/Aug/2019 03:04:30] "GET /eunpyeong/menu/2019/08/ HTTP/1.1" 200 5543
[11/Aug/2019 03:05:11] "GET /eunpyeong/menu/2019/08 HTTP/1.1" 301 0
[11/Aug/2019 03:05:12] "GET /eunpyeong/menu/2019/08/ HTTP/1.1" 200 5543
[11/Aug/2019 03:05:17] "GET /eunpyeong/menu/2019/08 HTTP/1.1" 301 0
[11/Aug/2019 03:05:17] "GET /eunpyeong/menu/2019/08/ HTTP/1.1" 200 5543
[11/Aug/2019 03:05:19] "GET /eunpyeong/menu/2019/08 HTTP/1.1" 301 0
[11/Aug/2019 03:05:19] "GET /eunpyeong/menu/2019/08/ HTTP/1.1" 200 5543
[11/Aug/2019 03:05:29] "GET /eunpyeong/menu/2019/08 HTTP/1.1" 301 0
[11/Aug/2019 03:05:29] "GET /eunpyeong/menu/2019/08/ HTTP/1.1" 200 5543
[11/Aug/2019 03:05:40] "GET /eunpyeong/menu/2019/08 HTTP/1.1" 301 0
[11/Aug/2019 03:05:40] "GET /eunpyeong/menu/2019/08/ HTTP/1.1" 200 5543
[11/Aug/2019 03:07:25] "GET /eunpyeong/menu/2019/08 HTTP/1.1" 301 0
[11/Aug/2019 03:07:26] "GET /eunpyeong/menu/2019/08/ HTTP/1.1" 200 5543
[11/Aug/2019 03:07:55] "GET /eunpyeong/menu/2019/08 HTTP/1.1" 301 0
[11/Aug/2019 03:07:55] "GET /eunpyeong/menu/2019/08/ HTTP/1.1" 200 5543
[11/Aug/2019 03:07:57] "GET /eunpyeong/menu/2019/08 HTTP/1.1" 301 0
[11/Aug/2019 03:07:57] "GET /eunpyeong/menu/2019/08/ HTTP/1.1" 200 5543
[11/Aug/2019 03:08:07] "GET /eunpyeong/menu/2019/08 HTTP/1.1" 301 0
[11/Aug/2019 03:08:07] "GET /eunpyeong/menu/2019/08/ HTTP/1.1" 200 5543
[11/Aug/2019 03:08:08] "GET /eunpyeong/menu/2019/08 HTTP/1.1" 301 0
[11/Aug/2019 03:08:08] "GET /eunpyeong/menu/2019/08/ HTTP/1.1" 200 5543
[11/Aug/2019 03:08:10] "GET /eunpyeong/menu/2019/08 HTTP/1.1" 301 0
[11/Aug/2019 03:08:10] "GET /eunpyeong/menu/2019/08/ HTTP/1.1" 200 5543
[11/Aug/2019 03:08:11] "GET /eunpyeong/menu/2019/08 HTTP/1.1" 301 0
[11/Aug/2019 03:08:11] "GET /eunpyeong/menu/2019/08/ HTTP/1.1" 200 5543
[11/Aug/2019 03:08:17] "GET /eunpyeong/menu/2019/08 HTTP/1.1" 301 0
[11/Aug/2019 03:08:17] "GET /eunpyeong/menu/2019/08/ HTTP/1.1" 200 5543
[11/Aug/2019 03:08:18] "GET /eunpyeong/menu/2019/08 HTTP/1.1" 301 0
[11/Aug/2019 03:08:18] "GET /eunpyeong/menu/2019/08/ HTTP/1.1" 200 5543
[11/Aug/2019 03:08:19] "GET /eunpyeong/menu/2019/08 HTTP/1.1" 301 0
[11/Aug/2019 03:08:20] "GET /eunpyeong/menu/2019/08/ HTTP/1.1" 200 5543
[11/Aug/2019 03:08:21] "GET /eunpyeong/menu/2019/08 HTTP/1.1" 301 0
[11/Aug/2019 03:08:21] "GET /eunpyeong/menu/2019/08/ HTTP/1.1" 200 5543
[11/Aug/2019 03:08:45] "GET /eunpyeong/menu/2019/08 HTTP/1.1" 301 0
[11/Aug/2019 03:08:45] "GET /eunpyeong/menu/2019/08/ HTTP/1.1" 200 5543
[11/Aug/2019 03:09:22] "GET /eunpyeong/menu/2019/08 HTTP/1.1" 301 0
[11/Aug/2019 03:09:22] "GET /eunpyeong/menu/2019/08/ HTTP/1.1" 200 5543
[11/Aug/2019 03:09:25] "GET /eunpyeong/menu/2019/08 HTTP/1.1" 301 0
[11/Aug/2019 03:09:25] "GET /eunpyeong/menu/2019/08/ HTTP/1.1" 200 5543
[11/Aug/2019 03:09:26] "GET /eunpyeong/menu/2019/08 HTTP/1.1" 301 0
[11/Aug/2019 03:09:26] "GET /eunpyeong/menu/2019/08/ HTTP/1.1" 200 5543
[11/Aug/2019 03:09:27] "GET /eunpyeong/menu/2019/08 HTTP/1.1" 301 0
[11/Aug/2019 03:09:27] "GET /eunpyeong/menu/2019/08/ HTTP/1.1" 200 5543
[11/Aug/2019 03:09:31] "GET /eunpyeong/menu/2019/08 HTTP/1.1" 301 0
[11/Aug/2019 03:09:31] "GET /eunpyeong/menu/2019/08/ HTTP/1.1" 200 5543
[11/Aug/2019 03:09:32] "GET /eunpyeong/menu/2019/08 HTTP/1.1" 301 0
[11/Aug/2019 03:09:32] "GET /eunpyeong/menu/2019/08/ HTTP/1.1" 200 5543
[11/Aug/2019 03:09:33] "GET /eunpyeong/menu/2019/08 HTTP/1.1" 301 0
[11/Aug/2019 03:09:33] "GET /eunpyeong/menu/2019/08/ HTTP/1.1" 200 5543
[11/Aug/2019 03:09:34] "GET /eunpyeong/menu/2019/08 HTTP/1.1" 301 0
[11/Aug/2019 03:09:34] "GET /eunpyeong/menu/2019/08/ HTTP/1.1" 200 5543
[11/Aug/2019 03:09:35] "GET /eunpyeong/menu/2019/08 HTTP/1.1" 301 0
[11/Aug/2019 03:09:36] "GET /eunpyeong/menu/2019/08/ HTTP/1.1" 200 5543
[11/Aug/2019 03:09:37] "GET /eunpyeong/menu/2019/08 HTTP/1.1" 301 0
[11/Aug/2019 03:09:37] "GET /eunpyeong/menu/2019/08/ HTTP/1.1" 200 5543
[11/Aug/2019 03:09:38] "GET /eunpyeong/menu/2019/08 HTTP/1.1" 301 0
[11/Aug/2019 03:09:38] "GET /eunpyeong/menu/2019/08/ HTTP/1.1" 200 5543
[11/Aug/2019 03:09:39] "GET /eunpyeong/menu/2019/08 HTTP/1.1" 301 0
[11/Aug/2019 03:09:39] "GET /eunpyeong/menu/2019/08/ HTTP/1.1" 200 5543
[11/Aug/2019 03:09:40] "GET /eunpyeong/menu/2019/08 HTTP/1.1" 301 0
[11/Aug/2019 03:09:40] "GET /eunpyeong/menu/2019/08/ HTTP/1.1" 200 5543
[11/Aug/2019 03:09:42] "GET /eunpyeong/menu/2019/08 HTTP/1.1" 301 0
[11/Aug/2019 03:09:42] "GET /eunpyeong/menu/2019/08/ HTTP/1.1" 200 5543
[11/Aug/2019 03:09:43] "GET /eunpyeong/menu/2019/08 HTTP/1.1" 301 0
[11/Aug/2019 03:09:43] "GET /eunpyeong/menu/2019/08/ HTTP/1.1" 200 5543
[11/Aug/2019 03:09:44] "GET /eunpyeong/menu/2019/08 HTTP/1.1" 301 0
[11/Aug/2019 03:09:44] "GET /eunpyeong/menu/2019/08/ HTTP/1.1" 200 5543
[11/Aug/2019 03:09:45] "GET /eunpyeong/menu/2019/08 HTTP/1.1" 301 0
[11/Aug/2019 03:09:45] "GET /eunpyeong/menu/2019/08/ HTTP/1.1" 200 5543
[11/Aug/2019 03:09:46] "GET /eunpyeong/menu/2019/08 HTTP/1.1" 301 0
[11/Aug/2019 03:09:46] "GET /eunpyeong/menu/2019/08/ HTTP/1.1" 200 5543
[11/Aug/2019 03:09:47] "GET /eunpyeong/menu/2019/08 HTTP/1.1" 301 0
[11/Aug/2019 03:09:47] "GET /eunpyeong/menu/2019/08/ HTTP/1.1" 200 5543
[11/Aug/2019 03:09:48] "GET /eunpyeong/menu/2019/08 HTTP/1.1" 301 0
[11/Aug/2019 03:09:48] "GET /eunpyeong/menu/2019/08/ HTTP/1.1" 200 5543
[11/Aug/2019 03:09:49] "GET /eunpyeong/menu/2019/08 HTTP/1.1" 301 0
[11/Aug/2019 03:09:49] "GET /eunpyeong/menu/2019/08/ HTTP/1.1" 200 5543
[11/Aug/2019 03:09:49] "GET /eunpyeong/menu/2019/08 HTTP/1.1" 301 0
[11/Aug/2019 03:09:50] "GET /eunpyeong/menu/2019/08/ HTTP/1.1" 200 5543
[11/Aug/2019 03:09:50] "GET /eunpyeong/menu/2019/08 HTTP/1.1" 301 0
[11/Aug/2019 03:09:50] "GET /eunpyeong/menu/2019/08/ HTTP/1.1" 200 5543
[11/Aug/2019 03:09:51] "GET /eunpyeong/menu/2019/08 HTTP/1.1" 301 0
[11/Aug/2019 03:09:51] "GET /eunpyeong/menu/2019/08/ HTTP/1.1" 200 5543
[11/Aug/2019 03:10:06] "GET /eunpyeong/menu/2019/08 HTTP/1.1" 301 0
[11/Aug/2019 03:10:06] "GET /eunpyeong/menu/2019/08/ HTTP/1.1" 200 5543
[11/Aug/2019 03:10:08] "GET /eunpyeong/menu/2019/08 HTTP/1.1" 301 0
[11/Aug/2019 03:10:08] "GET /eunpyeong/menu/2019/08/ HTTP/1.1" 200 5543
[11/Aug/2019 03:10:10] "GET /eunpyeong/menu/2019/08 HTTP/1.1" 301 0
[11/Aug/2019 03:10:10] "GET /eunpyeong/menu/2019/08/ HTTP/1.1" 200 5543
[11/Aug/2019 03:10:11] "GET /eunpyeong/menu/2019/08 HTTP/1.1" 301 0
[11/Aug/2019 03:10:11] "GET /eunpyeong/menu/2019/08/ HTTP/1.1" 200 5543
[11/Aug/2019 03:10:14] "GET /eunpyeong/menu/2019/08 HTTP/1.1" 301 0
[11/Aug/2019 03:10:14] "GET /eunpyeong/menu/2019/08/ HTTP/1.1" 200 5543
[11/Aug/2019 03:10:15] "GET /eunpyeong/menu/2019/08 HTTP/1.1" 301 0
[11/Aug/2019 03:10:15] "GET /eunpyeong/menu/2019/08/ HTTP/1.1" 200 5543
[11/Aug/2019 03:10:17] "GET /eunpyeong/menu/2019/08 HTTP/1.1" 301 0
[11/Aug/2019 03:10:17] "GET /eunpyeong/menu/2019/08/ HTTP/1.1" 200 5543
[11/Aug/2019 03:10:18] "GET /eunpyeong/menu/2019/08 HTTP/1.1" 301 0
[11/Aug/2019 03:10:18] "GET /eunpyeong/menu/2019/08/ HTTP/1.1" 200 5543
[11/Aug/2019 03:10:19] "GET /eunpyeong/menu/2019/08 HTTP/1.1" 301 0
[11/Aug/2019 03:10:19] "GET /eunpyeong/menu/2019/08/ HTTP/1.1" 200 5543
[11/Aug/2019 03:10:21] "GET /eunpyeong/menu/2019/08 HTTP/1.1" 301 0
[11/Aug/2019 03:10:21] "GET /eunpyeong/menu/2019/08/ HTTP/1.1" 200 5543
[11/Aug/2019 03:10:23] "GET /eunpyeong/menu/2019/08 HTTP/1.1" 301 0
[11/Aug/2019 03:10:23] "GET /eunpyeong/menu/2019/08/ HTTP/1.1" 200 5543
[11/Aug/2019 03:10:24] "GET /eunpyeong/menu/2019/08 HTTP/1.1" 301 0
[11/Aug/2019 03:10:24] "GET /eunpyeong/menu/2019/08/ HTTP/1.1" 200 5543
[11/Aug/2019 03:10:28] "GET /eunpyeong/menu/2019/08 HTTP/1.1" 301 0
[11/Aug/2019 03:10:28] "GET /eunpyeong/menu/2019/08/ HTTP/1.1" 200 5543
[11/Aug/2019 03:10:29] "GET /eunpyeong/menu/2019/08 HTTP/1.1" 301 0
[11/Aug/2019 03:10:29] "GET /eunpyeong/menu/2019/08/ HTTP/1.1" 200 5543
[11/Aug/2019 03:10:31] "GET /eunpyeong/menu/2019/08 HTTP/1.1" 301 0
[11/Aug/2019 03:10:31] "GET /eunpyeong/menu/2019/08/ HTTP/1.1" 200 5543
[11/Aug/2019 03:10:32] "GET /eunpyeong/menu/2019/08 HTTP/1.1" 301 0
[11/Aug/2019 03:10:32] "GET /eunpyeong/menu/2019/08/ HTTP/1.1" 200 5543
[11/Aug/2019 03:10:59] "GET /eunpyeong/menu/2019/08 HTTP/1.1" 301 0
[11/Aug/2019 03:10:59] "GET /eunpyeong/menu/2019/08/ HTTP/1.1" 200 5543
[11/Aug/2019 03:11:04] "GET /eunpyeong/menu/2019/08 HTTP/1.1" 301 0
[11/Aug/2019 03:11:04] "GET /eunpyeong/menu/2019/08/ HTTP/1.1" 200 5543
[11/Aug/2019 03:11:05] "GET /eunpyeong/menu/2019/08 HTTP/1.1" 301 0
[11/Aug/2019 03:11:05] "GET /eunpyeong/menu/2019/08/ HTTP/1.1" 200 5543
[11/Aug/2019 03:11:06] "GET /eunpyeong/menu/2019/08 HTTP/1.1" 301 0
[11/Aug/2019 03:11:06] "GET /eunpyeong/menu/2019/08/ HTTP/1.1" 200 5543
[11/Aug/2019 03:11:07] "GET /eunpyeong/menu/2019/08 HTTP/1.1" 301 0
[11/Aug/2019 03:11:07] "GET /eunpyeong/menu/2019/08/ HTTP/1.1" 200 5543
[11/Aug/2019 03:11:08] "GET /eunpyeong/menu/2019/08 HTTP/1.1" 301 0
[11/Aug/2019 03:11:09] "GET /eunpyeong/menu/2019/08/ HTTP/1.1" 200 5543
[11/Aug/2019 03:11:09] "GET /eunpyeong/menu/2019/08 HTTP/1.1" 301 0
[11/Aug/2019 03:11:09] "GET /eunpyeong/menu/2019/08/ HTTP/1.1" 200 5543
[11/Aug/2019 03:11:10] "GET /eunpyeong/menu/2019/08 HTTP/1.1" 301 0
[11/Aug/2019 03:11:10] "GET /eunpyeong/menu/2019/08/ HTTP/1.1" 200 5543
[11/Aug/2019 03:11:11] "GET /eunpyeong/menu/2019/08 HTTP/1.1" 301 0
[11/Aug/2019 03:11:11] "GET /eunpyeong/menu/2019/08/ HTTP/1.1" 200 5543
[11/Aug/2019 03:11:12] "GET /eunpyeong/menu/2019/08 HTTP/1.1" 301 0
[11/Aug/2019 03:11:12] "GET /eunpyeong/menu/2019/08/ HTTP/1.1" 200 5543
[11/Aug/2019 03:11:13] "GET /eunpyeong/menu/2019/08 HTTP/1.1" 301 0
[11/Aug/2019 03:11:13] "GET /eunpyeong/menu/2019/08/ HTTP/1.1" 200 5543
[11/Aug/2019 03:11:15] "GET /eunpyeong/menu/2019/08 HTTP/1.1" 301 0
[11/Aug/2019 03:11:15] "GET /eunpyeong/menu/2019/08/ HTTP/1.1" 200 5543
[11/Aug/2019 03:11:16] "GET /eunpyeong/menu/2019/08 HTTP/1.1" 301 0
[11/Aug/2019 03:11:16] "GET /eunpyeong/menu/2019/08/ HTTP/1.1" 200 5543
[11/Aug/2019 03:12:28] "GET /eunpyeong/menu/2019/08 HTTP/1.1" 301 0
[11/Aug/2019 03:12:28] "GET /eunpyeong/menu/2019/08/ HTTP/1.1" 200 5543
[11/Aug/2019 03:12:56] "GET /eunpyeong/menu/2019/08 HTTP/1.1" 301 0
[11/Aug/2019 03:12:56] "GET /eunpyeong/menu/2019/08/ HTTP/1.1" 200 5543
[11/Aug/2019 03:12:57] "GET /eunpyeong/menu/2019/08 HTTP/1.1" 301 0
[11/Aug/2019 03:12:57] "GET /eunpyeong/menu/2019/08/ HTTP/1.1" 200 5543
[11/Aug/2019 03:20:27] "GET /eunpyeong/menu/2019/08 HTTP/1.1" 301 0
[11/Aug/2019 03:20:27] "GET /eunpyeong/menu/2019/08/ HTTP/1.1" 200 5543
[11/Aug/2019 03:20:48] "GET /eunpyeong/menu/2019/08 HTTP/1.1" 301 0
[11/Aug/2019 03:20:48] "GET /eunpyeong/menu/2019/08/ HTTP/1.1" 200 5543
[11/Aug/2019 03:20:49] "GET /eunpyeong/menu/2019/08 HTTP/1.1" 301 0
[11/Aug/2019 03:20:50] "GET /eunpyeong/menu/2019/08/ HTTP/1.1" 200 5543
[11/Aug/2019 03:20:50] "GET /eunpyeong/menu/2019/08 HTTP/1.1" 301 0
[11/Aug/2019 03:20:50] "GET /eunpyeong/menu/2019/08/ HTTP/1.1" 200 5543
[11/Aug/2019 03:20:51] "GET /eunpyeong/menu/2019/08 HTTP/1.1" 301 0
[11/Aug/2019 03:20:51] "GET /eunpyeong/menu/2019/08/ HTTP/1.1" 200 5543
[11/Aug/2019 03:20:51] "GET /eunpyeong/menu/2019/08 HTTP/1.1" 301 0
[11/Aug/2019 03:20:51] "GET /eunpyeong/menu/2019/08/ HTTP/1.1" 200 5543
[11/Aug/2019 03:20:52] "GET /eunpyeong/menu/2019/08 HTTP/1.1" 301 0
[11/Aug/2019 03:20:52] "GET /eunpyeong/menu/2019/08/ HTTP/1.1" 200 5543
[11/Aug/2019 03:20:53] "GET /eunpyeong/menu/2019/08 HTTP/1.1" 301 0
[11/Aug/2019 03:20:53] "GET /eunpyeong/menu/2019/08/ HTTP/1.1" 200 5543
[11/Aug/2019 03:20:53] "GET /eunpyeong/menu/2019/08 HTTP/1.1" 301 0
[11/Aug/2019 03:20:53] "GET /eunpyeong/menu/2019/08/ HTTP/1.1" 200 5543
[11/Aug/2019 03:20:55] "GET /eunpyeong/menu/2019/08 HTTP/1.1" 301 0
[11/Aug/2019 03:20:55] "GET /eunpyeong/menu/2019/08/ HTTP/1.1" 200 5543
[11/Aug/2019 03:20:56] "GET /eunpyeong/menu/2019/08 HTTP/1.1" 301 0
[11/Aug/2019 03:20:56] "GET /eunpyeong/menu/2019/08/ HTTP/1.1" 200 5543
[11/Aug/2019 03:20:57] "GET /eunpyeong/menu/2019/08 HTTP/1.1" 301 0
[11/Aug/2019 03:20:57] "GET /eunpyeong/menu/2019/08/ HTTP/1.1" 200 5543
[11/Aug/2019 03:20:57] "GET /eunpyeong/menu/2019/08 HTTP/1.1" 301 0
[11/Aug/2019 03:20:57] "GET /eunpyeong/menu/2019/08/ HTTP/1.1" 200 5543
[11/Aug/2019 03:20:58] "GET /eunpyeong/menu/2019/08 HTTP/1.1" 301 0
[11/Aug/2019 03:20:58] "GET /eunpyeong/menu/2019/08/ HTTP/1.1" 200 5543
[11/Aug/2019 03:20:59] "GET /eunpyeong/menu/2019/08 HTTP/1.1" 301 0
[11/Aug/2019 03:20:59] "GET /eunpyeong/menu/2019/08/ HTTP/1.1" 200 5543
[11/Aug/2019 03:21:47] "GET /eunpyeong/menu/2019/08 HTTP/1.1" 301 0
[11/Aug/2019 03:21:48] "GET /eunpyeong/menu/2019/08/ HTTP/1.1" 200 5543
[11/Aug/2019 03:21:49] "GET /eunpyeong/menu/2019/08 HTTP/1.1" 301 0
[11/Aug/2019 03:21:49] "GET /eunpyeong/menu/2019/08/ HTTP/1.1" 200 5543
[11/Aug/2019 03:21:49] "GET /eunpyeong/menu/2019/08 HTTP/1.1" 301 0
[11/Aug/2019 03:21:49] "GET /eunpyeong/menu/2019/08/ HTTP/1.1" 200 5543
[11/Aug/2019 03:21:50] "GET /eunpyeong/menu/2019/08 HTTP/1.1" 301 0
[11/Aug/2019 03:21:50] "GET /eunpyeong/menu/2019/08/ HTTP/1.1" 200 5543
[11/Aug/2019 03:22:30] "GET /eunpyeong/menu/2019/08 HTTP/1.1" 301 0
[11/Aug/2019 03:22:30] "GET /eunpyeong/menu/2019/08/ HTTP/1.1" 200 5543
[11/Aug/2019 03:23:08] "GET /eunpyeong/menu/2019/08 HTTP/1.1" 301 0
[11/Aug/2019 03:23:08] "GET /eunpyeong/menu/2019/08/ HTTP/1.1" 200 5543
[11/Aug/2019 03:23:09] "GET /eunpyeong/menu/2019/08 HTTP/1.1" 301 0
[11/Aug/2019 03:23:09] "GET /eunpyeong/menu/2019/08/ HTTP/1.1" 200 5543
[11/Aug/2019 03:23:10] "GET /eunpyeong/menu/2019/08 HTTP/1.1" 301 0
[11/Aug/2019 03:23:10] "GET /eunpyeong/menu/2019/08/ HTTP/1.1" 200 5543
[11/Aug/2019 03:23:11] "GET /eunpyeong/menu/2019/08 HTTP/1.1" 301 0
[11/Aug/2019 03:23:12] "GET /eunpyeong/menu/2019/08/ HTTP/1.1" 200 5543
[11/Aug/2019 03:23:13] "GET /eunpyeong/menu/2019/08 HTTP/1.1" 301 0
[11/Aug/2019 03:23:13] "GET /eunpyeong/menu/2019/08/ HTTP/1.1" 200 5543
[11/Aug/2019 03:23:14] "GET /eunpyeong/menu/2019/08 HTTP/1.1" 301 0
[11/Aug/2019 03:23:14] "GET /eunpyeong/menu/2019/08/ HTTP/1.1" 200 5543
[11/Aug/2019 03:23:15] "GET /eunpyeong/menu/2019/08 HTTP/1.1" 301 0
[11/Aug/2019 03:23:15] "GET /eunpyeong/menu/2019/08/ HTTP/1.1" 200 5543
[11/Aug/2019 03:23:16] "GET /eunpyeong/menu/2019/08 HTTP/1.1" 301 0
[11/Aug/2019 03:23:16] "GET /eunpyeong/menu/2019/08/ HTTP/1.1" 200 5543
[11/Aug/2019 03:23:16] "GET /eunpyeong/menu/2019/08 HTTP/1.1" 301 0
[11/Aug/2019 03:23:16] "GET /eunpyeong/menu/2019/08/ HTTP/1.1" 200 5543
[11/Aug/2019 03:23:17] "GET /eunpyeong/menu/2019/08 HTTP/1.1" 301 0
[11/Aug/2019 03:23:17] "GET /eunpyeong/menu/2019/08/ HTTP/1.1" 200 5543
[11/Aug/2019 03:23:18] "GET /eunpyeong/menu/2019/08 HTTP/1.1" 301 0
[11/Aug/2019 03:23:18] "GET /eunpyeong/menu/2019/08/ HTTP/1.1" 200 5543
[11/Aug/2019 03:23:18] "GET /eunpyeong/menu/2019/08 HTTP/1.1" 301 0
[11/Aug/2019 03:23:18] "GET /eunpyeong/menu/2019/08/ HTTP/1.1" 200 5543
[11/Aug/2019 03:23:19] "GET /eunpyeong/menu/2019/08 HTTP/1.1" 301 0
[11/Aug/2019 03:23:19] "GET /eunpyeong/menu/2019/08/ HTTP/1.1" 200 5543
[11/Aug/2019 03:23:19] "GET /eunpyeong/menu/2019/08 HTTP/1.1" 301 0
[11/Aug/2019 03:23:20] "GET /eunpyeong/menu/2019/08/ HTTP/1.1" 200 5543
[11/Aug/2019 03:23:20] "GET /eunpyeong/menu/2019/08 HTTP/1.1" 301 0
[11/Aug/2019 03:23:20] "GET /eunpyeong/menu/2019/08/ HTTP/1.1" 200 5543
[11/Aug/2019 03:23:21] "GET /eunpyeong/menu/2019/08 HTTP/1.1" 301 0
[11/Aug/2019 03:23:21] "GET /eunpyeong/menu/2019/08/ HTTP/1.1" 200 5543
[11/Aug/2019 03:23:21] "GET /eunpyeong/menu/2019/08 HTTP/1.1" 301 0
[11/Aug/2019 03:23:21] "GET /eunpyeong/menu/2019/08/ HTTP/1.1" 200 5543
[11/Aug/2019 03:23:23] "GET /eunpyeong/menu/2019/08 HTTP/1.1" 301 0
[11/Aug/2019 03:23:23] "GET /eunpyeong/menu/2019/08/ HTTP/1.1" 200 5543
[11/Aug/2019 03:23:23] "GET /eunpyeong/menu/2019/08 HTTP/1.1" 301 0
[11/Aug/2019 03:23:23] "GET /eunpyeong/menu/2019/08/ HTTP/1.1" 200 5543
[11/Aug/2019 03:23:25] "GET /eunpyeong/menu/2019/08 HTTP/1.1" 301 0
[11/Aug/2019 03:23:25] "GET /eunpyeong/menu/2019/08/ HTTP/1.1" 200 5543
[11/Aug/2019 03:23:26] "GET /eunpyeong/menu/2019/08 HTTP/1.1" 301 0
[11/Aug/2019 03:23:26] "GET /eunpyeong/menu/2019/08/ HTTP/1.1" 200 5543
[11/Aug/2019 03:23:27] "GET /eunpyeong/menu/2019/08 HTTP/1.1" 301 0
[11/Aug/2019 03:23:27] "GET /eunpyeong/menu/2019/08/ HTTP/1.1" 200 5543
[11/Aug/2019 03:23:28] "GET /eunpyeong/menu/2019/08 HTTP/1.1" 301 0
[11/Aug/2019 03:23:28] "GET /eunpyeong/menu/2019/08/ HTTP/1.1" 200 5543
[11/Aug/2019 03:23:28] "GET /eunpyeong/menu/2019/08 HTTP/1.1" 301 0
[11/Aug/2019 03:23:29] "GET /eunpyeong/menu/2019/08/ HTTP/1.1" 200 5543
[11/Aug/2019 03:23:30] "GET /eunpyeong/menu/2019/08 HTTP/1.1" 301 0
[11/Aug/2019 03:23:30] "GET /eunpyeong/menu/2019/08/ HTTP/1.1" 200 5543
[11/Aug/2019 03:23:30] "GET /eunpyeong/menu/2019/08 HTTP/1.1" 301 0
[11/Aug/2019 03:23:30] "GET /eunpyeong/menu/2019/08/ HTTP/1.1" 200 5543
[11/Aug/2019 03:23:31] "GET /eunpyeong/menu/2019/08 HTTP/1.1" 301 0
[11/Aug/2019 03:23:31] "GET /eunpyeong/menu/2019/08/ HTTP/1.1" 200 5543
[11/Aug/2019 03:23:32] "GET /eunpyeong/menu/2019/08 HTTP/1.1" 301 0
[11/Aug/2019 03:23:32] "GET /eunpyeong/menu/2019/08/ HTTP/1.1" 200 5543
[11/Aug/2019 03:23:33] "GET /eunpyeong/menu/2019/08 HTTP/1.1" 301 0
[11/Aug/2019 03:23:33] "GET /eunpyeong/menu/2019/08/ HTTP/1.1" 200 5543
[11/Aug/2019 03:23:33] "GET /eunpyeong/menu/2019/08 HTTP/1.1" 301 0
[11/Aug/2019 03:23:34] "GET /eunpyeong/menu/2019/08/ HTTP/1.1" 200 5543
[11/Aug/2019 03:23:34] "GET /eunpyeong/menu/2019/08 HTTP/1.1" 301 0
[11/Aug/2019 03:23:34] "GET /eunpyeong/menu/2019/08/ HTTP/1.1" 200 5543
[11/Aug/2019 03:23:36] "GET /eunpyeong/menu/2019/08 HTTP/1.1" 301 0
[11/Aug/2019 03:23:36] "GET /eunpyeong/menu/2019/08/ HTTP/1.1" 200 5543
[11/Aug/2019 03:23:37] "GET /eunpyeong/menu/2019/08 HTTP/1.1" 301 0
[11/Aug/2019 03:23:37] "GET /eunpyeong/menu/2019/08/ HTTP/1.1" 200 5543
[11/Aug/2019 03:23:39] "GET /eunpyeong/menu/2019/08 HTTP/1.1" 301 0
[11/Aug/2019 03:23:39] "GET /eunpyeong/menu/2019/08/ HTTP/1.1" 200 5543
[11/Aug/2019 03:23:40] "GET /eunpyeong/menu/2019/08 HTTP/1.1" 301 0
[11/Aug/2019 03:23:40] "GET /eunpyeong/menu/2019/08/ HTTP/1.1" 200 5543
[11/Aug/2019 03:23:41] "GET /eunpyeong/menu/2019/08 HTTP/1.1" 301 0
[11/Aug/2019 03:23:41] "GET /eunpyeong/menu/2019/08/ HTTP/1.1" 200 5543
[11/Aug/2019 03:23:42] "GET /eunpyeong/menu/2019/08 HTTP/1.1" 301 0
[11/Aug/2019 03:23:42] "GET /eunpyeong/menu/2019/08/ HTTP/1.1" 200 5543
[11/Aug/2019 03:23:43] "GET /eunpyeong/menu/2019/08 HTTP/1.1" 301 0
[11/Aug/2019 03:23:43] "GET /eunpyeong/menu/2019/08/ HTTP/1.1" 200 5543
[11/Aug/2019 03:23:44] "GET /eunpyeong/menu/2019/08 HTTP/1.1" 301 0
[11/Aug/2019 03:23:44] "GET /eunpyeong/menu/2019/08/ HTTP/1.1" 200 5543
[11/Aug/2019 03:23:45] "GET /eunpyeong/menu/2019/08 HTTP/1.1" 301 0
[11/Aug/2019 03:23:45] "GET /eunpyeong/menu/2019/08/ HTTP/1.1" 200 5543
[11/Aug/2019 03:23:46] "GET /eunpyeong/menu/2019/08 HTTP/1.1" 301 0
[11/Aug/2019 03:23:46] "GET /eunpyeong/menu/2019/08/ HTTP/1.1" 200 5543
[11/Aug/2019 03:23:47] "GET /eunpyeong/menu/2019/08 HTTP/1.1" 301 0
[11/Aug/2019 03:23:47] "GET /eunpyeong/menu/2019/08/ HTTP/1.1" 200 5543
[11/Aug/2019 03:23:48] "GET /eunpyeong/menu/2019/08 HTTP/1.1" 301 0
[11/Aug/2019 03:23:48] "GET /eunpyeong/menu/2019/08/ HTTP/1.1" 200 5543
[11/Aug/2019 03:27:34] "GET /eunpyeong/menu/2019/08 HTTP/1.1" 301 0
[11/Aug/2019 03:27:34] "GET /eunpyeong/menu/2019/08/ HTTP/1.1" 200 5543
[11/Aug/2019 03:27:44] "GET /eunpyeong/menu/2019/05 HTTP/1.1" 301 0
[11/Aug/2019 03:27:44] "GET /eunpyeong/menu/2019/05/ HTTP/1.1" 200 8979
[11/Aug/2019 03:27:47] "GET /eunpyeong/menu/2019/05 HTTP/1.1" 301 0
[11/Aug/2019 03:27:47] "GET /eunpyeong/menu/2019/05/ HTTP/1.1" 200 8979
[11/Aug/2019 03:27:49] "GET /eunpyeong/menu/2019/08 HTTP/1.1" 301 0
[11/Aug/2019 03:27:49] "GET /eunpyeong/menu/2019/08/ HTTP/1.1" 200 5543
[11/Aug/2019 03:27:54] "GET /eunpyeong/menu/2019/08 HTTP/1.1" 301 0
[11/Aug/2019 03:27:54] "GET /eunpyeong/menu/2019/08/ HTTP/1.1" 200 5543
[11/Aug/2019 03:27:56] "GET /eunpyeong/menu/2019/08 HTTP/1.1" 301 0
[11/Aug/2019 03:27:56] "GET /eunpyeong/menu/2019/08/ HTTP/1.1" 200 5543
[11/Aug/2019 03:27:57] "GET /eunpyeong/menu/2019/08 HTTP/1.1" 301 0
[11/Aug/2019 03:27:57] "GET /eunpyeong/menu/2019/08/ HTTP/1.1" 200 5543
[11/Aug/2019 03:27:57] "GET /eunpyeong/menu/2019/08 HTTP/1.1" 301 0
[11/Aug/2019 03:27:57] "GET /eunpyeong/menu/2019/08/ HTTP/1.1" 200 5543
[11/Aug/2019 03:27:59] "GET /eunpyeong/menu/2019/08 HTTP/1.1" 301 0
[11/Aug/2019 03:27:59] "GET /eunpyeong/menu/2019/08/ HTTP/1.1" 200 5543
[11/Aug/2019 03:27:59] "GET /eunpyeong/menu/2019/08 HTTP/1.1" 301 0
[11/Aug/2019 03:27:59] "GET /eunpyeong/menu/2019/08/ HTTP/1.1" 200 5543
[11/Aug/2019 03:28:00] "GET /eunpyeong/menu/2019/08 HTTP/1.1" 301 0
[11/Aug/2019 03:28:00] "GET /eunpyeong/menu/2019/08/ HTTP/1.1" 200 5543
[11/Aug/2019 03:28:01] "GET /eunpyeong/menu/2019/08 HTTP/1.1" 301 0
[11/Aug/2019 03:28:01] "GET /eunpyeong/menu/2019/08/ HTTP/1.1" 200 5543
[11/Aug/2019 03:28:03] "GET /eunpyeong/menu/2019/06 HTTP/1.1" 301 0
[11/Aug/2019 03:28:03] "GET /eunpyeong/menu/2019/06/ HTTP/1.1" 200 8605
[11/Aug/2019 03:28:04] "GET /eunpyeong/menu/2019/06 HTTP/1.1" 301 0
[11/Aug/2019 03:28:04] "GET /eunpyeong/menu/2019/06/ HTTP/1.1" 200 8605
[11/Aug/2019 03:31:21] "GET /eunpyeong/menu/2019/08 HTTP/1.1" 301 0
[11/Aug/2019 03:31:21] "GET /eunpyeong/menu/2019/08/ HTTP/1.1" 200 5543
[11/Aug/2019 03:44:28] "GET /eunpyeong/menu/2019/08 HTTP/1.1" 301 0
[11/Aug/2019 03:44:28] "GET /eunpyeong/menu/2019/08/ HTTP/1.1" 200 5543
[11/Aug/2019 03:44:29] "GET /eunpyeong/menu/2019/08 HTTP/1.1" 301 0
[11/Aug/2019 03:44:30] "GET /eunpyeong/menu/2019/08/ HTTP/1.1" 200 5543
[11/Aug/2019 03:44:53] "GET /eunpyeong/menu/%D9%A2%D9%A0%D9%A1%D9%A9/%D9%A0%D9%A8 HTTP/1.1" 404 77
[11/Aug/2019 03:45:04] "GET /eunpyeong/menu/%D9%A2%D9%A0%D9%A1%D9%A9/%D9%A0%D9%A8 HTTP/1.1" 404 77
[11/Aug/2019 03:45:09] "GET /eunpyeong/menu/%D9%A2%D9%A0%D9%A1%D9%A9/%D9%A0%D9%A8 HTTP/1.1" 404 77
[11/Aug/2019 03:46:56] "GET /eunpyeong/menu/2019/08 HTTP/1.1" 301 0
[11/Aug/2019 03:46:57] "GET /eunpyeong/menu/2019/08/ HTTP/1.1" 200 5543
[11/Aug/2019 03:47:37] "GET /eunpyeong/menu/2019/08 HTTP/1.1" 301 0
[11/Aug/2019 03:47:38] "GET /eunpyeong/menu/2019/08/ HTTP/1.1" 200 5543
[11/Aug/2019 03:48:44] "GET /eunpyeong/menu/2019/08 HTTP/1.1" 301 0
[11/Aug/2019 03:48:44] "GET /eunpyeong/menu/2019/08/ HTTP/1.1" 200 5543
[11/Aug/2019 03:52:29] "GET /eunpyeong/menu/2019/08/ HTTP/1.1" 200 5543
[11/Aug/2019 03:53:11] "GET /eunpyeong/menu/2019/08 HTTP/1.1" 301 0
[11/Aug/2019 03:55:05] "GET /eunpyeong/menu/2019/08 HTTP/1.1" 301 0
[11/Aug/2019 03:55:06] "GET /eunpyeong/menu/2019/08/ HTTP/1.1" 200 5543
[11/Aug/2019 04:01:07] "GET /eunpyeong/menu/2019/08 HTTP/1.1" 301 0
[11/Aug/2019 04:01:07] "GET /eunpyeong/menu/2019/08/ HTTP/1.1" 200 5543
[11/Aug/2019 04:01:47] "GET /eunpyeong/menu/2019/08 HTTP/1.1" 301 0
[11/Aug/2019 04:03:16] "GET /eunpyeong/menu/2019/08/ HTTP/1.1" 200 5543
[11/Aug/2019 14:15:31] "GET /eunpyeong/menu/2019/08 HTTP/1.1" 301 0
[11/Aug/2019 14:15:31] "GET /eunpyeong/menu/2019/08/ HTTP/1.1" 200 5543
[11/Aug/2019 14:15:35] "GET /eunpyeong/menu/2019/08 HTTP/1.1" 301 0
[11/Aug/2019 14:15:35] "GET /eunpyeong/menu/2019/08/ HTTP/1.1" 200 5543
[11/Aug/2019 14:15:36] "GET /eunpyeong/menu/2019/08 HTTP/1.1" 301 0
[11/Aug/2019 14:15:36] "GET /eunpyeong/menu/2019/08/ HTTP/1.1" 200 5543
[11/Aug/2019 14:15:37] "GET /eunpyeong/menu/2019/08 HTTP/1.1" 301 0
[11/Aug/2019 14:15:37] "GET /eunpyeong/menu/2019/08/ HTTP/1.1" 200 5543
[11/Aug/2019 14:15:38] "GET /eunpyeong/menu/2019/08 HTTP/1.1" 301 0
[11/Aug/2019 14:15:38] "GET /eunpyeong/menu/2019/08/ HTTP/1.1" 200 5543
[11/Aug/2019 14:15:40] "GET /eunpyeong/menu/2019/08 HTTP/1.1" 301 0
[11/Aug/2019 14:15:40] "GET /eunpyeong/menu/2019/08/ HTTP/1.1" 200 5543
[11/Aug/2019 14:15:41] "GET /eunpyeong/menu/2019/08 HTTP/1.1" 301 0
[11/Aug/2019 14:15:41] "GET /eunpyeong/menu/2019/08/ HTTP/1.1" 200 5543
[11/Aug/2019 14:15:42] "GET /eunpyeong/menu/2019/08 HTTP/1.1" 301 0
[11/Aug/2019 14:15:42] "GET /eunpyeong/menu/2019/08/ HTTP/1.1" 200 5543
[11/Aug/2019 14:15:44] "GET /eunpyeong/menu/2019/08 HTTP/1.1" 301 0
[11/Aug/2019 14:15:44] "GET /eunpyeong/menu/2019/08/ HTTP/1.1" 200 5543
[11/Aug/2019 14:16:16] "GET /eunpyeong/menu/2019/08 HTTP/1.1" 301 0
[11/Aug/2019 14:16:17] "GET /eunpyeong/menu/2019/08/ HTTP/1.1" 200 5543
[11/Aug/2019 16:18:02] "GET /eunpyeong/menu/2019/08 HTTP/1.1" 301 0
[11/Aug/2019 16:18:02] "GET /eunpyeong/menu/2019/08/ HTTP/1.1" 200 5543
[11/Aug/2019 16:19:30] "GET /eunpyeong/menu/2019/08 HTTP/1.1" 301 0
[11/Aug/2019 16:19:30] "GET /eunpyeong/menu/2019/08/ HTTP/1.1" 200 5543
[11/Aug/2019 16:30:03] "GET /eunpyeong/menu/2019/08 HTTP/1.1" 301 0
[11/Aug/2019 16:30:03] "GET /eunpyeong/menu/2019/08/ HTTP/1.1" 200 5543
[11/Aug/2019 16:30:04] "GET /eunpyeong/menu/2019/08/ HTTP/1.1" 200 5543
[11/Aug/2019 19:28:38] "GET /eunpyeong/menu/2019/08 HTTP/1.1" 301 0
[11/Aug/2019 19:28:38] "GET /eunpyeong/menu/2019/08/ HTTP/1.1" 200 5543
[11/Aug/2019 19:28:42] "GET /eunpyeong/menu/2019/08 HTTP/1.1" 301 0
[11/Aug/2019 19:28:42] "GET /eunpyeong/menu/2019/08/ HTTP/1.1" 200 5543
[11/Aug/2019 19:28:45] "GET /eunpyeong/menu/2019/08 HTTP/1.1" 301 0
[11/Aug/2019 19:28:46] "GET /eunpyeong/menu/2019/08/ HTTP/1.1" 200 5543
[12/Aug/2019 00:36:14] "GET /eunpyeong/menu/2019/08 HTTP/1.1" 301 0
[12/Aug/2019 00:36:14] "GET /eunpyeong/menu/2019/08/ HTTP/1.1" 200 5543
[12/Aug/2019 00:36:17] "GET /eunpyeong/menu/2019/08 HTTP/1.1" 301 0
[12/Aug/2019 00:36:17] "GET /eunpyeong/menu/2019/08/ HTTP/1.1" 200 5543
[12/Aug/2019 00:36:17] "GET /eunpyeong/menu/2019/08 HTTP/1.1" 301 0
[12/Aug/2019 00:36:18] "GET /eunpyeong/menu/2019/08/ HTTP/1.1" 200 5543
[12/Aug/2019 00:36:18] "GET /eunpyeong/menu/2019/08 HTTP/1.1" 301 0
[12/Aug/2019 00:36:18] "GET /eunpyeong/menu/2019/08/ HTTP/1.1" 200 5543
[12/Aug/2019 00:36:19] "GET /eunpyeong/menu/2019/08 HTTP/1.1" 301 0
[12/Aug/2019 00:36:19] "GET /eunpyeong/menu/2019/08/ HTTP/1.1" 200 5543
[12/Aug/2019 00:36:20] "GET /eunpyeong/menu/2019/08 HTTP/1.1" 301 0
[12/Aug/2019 00:36:20] "GET /eunpyeong/menu/2019/08/ HTTP/1.1" 200 5543
[12/Aug/2019 00:36:21] "GET /eunpyeong/menu/2019/08 HTTP/1.1" 301 0
[12/Aug/2019 00:36:21] "GET /eunpyeong/menu/2019/08/ HTTP/1.1" 200 5543
[12/Aug/2019 00:36:21] "GET /eunpyeong/menu/2019/08 HTTP/1.1" 301 0
[12/Aug/2019 00:36:21] "GET /eunpyeong/menu/2019/08/ HTTP/1.1" 200 5543
[12/Aug/2019 01:10:25] "GET /eunpyeong/menu/2019/08 HTTP/1.1" 301 0
[12/Aug/2019 01:10:25] "GET /eunpyeong/menu/2019/08/ HTTP/1.1" 200 5543
[12/Aug/2019 01:10:28] "GET /eunpyeong/menu/2019/08 HTTP/1.1" 301 0
[12/Aug/2019 01:10:28] "GET /eunpyeong/menu/2019/08/ HTTP/1.1" 200 5543
[12/Aug/2019 01:10:29] "GET /eunpyeong/menu/2019/08 HTTP/1.1" 301 0
[12/Aug/2019 01:10:29] "GET /eunpyeong/menu/2019/08/ HTTP/1.1" 200 5543
[12/Aug/2019 01:10:30] "GET /eunpyeong/menu/2019/08 HTTP/1.1" 301 0
[12/Aug/2019 01:10:30] "GET /eunpyeong/menu/2019/08/ HTTP/1.1" 200 5543
[12/Aug/2019 01:10:38] "GET /eunpyeong/menu/2019/08 HTTP/1.1" 301 0
[12/Aug/2019 01:10:38] "GET /eunpyeong/menu/2019/08/ HTTP/1.1" 200 5543
[12/Aug/2019 01:10:53] "GET /eunpyeong/menu/2019/08 HTTP/1.1" 301 0
[12/Aug/2019 01:10:53] "GET /eunpyeong/menu/2019/08/ HTTP/1.1" 200 5543
[12/Aug/2019 01:10:56] "GET /eunpyeong/menu/2019/08 HTTP/1.1" 301 0
[12/Aug/2019 01:10:56] "GET /eunpyeong/menu/2019/08/ HTTP/1.1" 200 5543
[12/Aug/2019 03:50:07] "GET /eunpyeong/menu/2019/08 HTTP/1.1" 301 0
[12/Aug/2019 03:50:07] "GET /eunpyeong/menu/2019/08/ HTTP/1.1" 200 5543
[12/Aug/2019 03:50:10] "GET /eunpyeong/menu/2019/08 HTTP/1.1" 301 0
[12/Aug/2019 03:50:10] "GET /eunpyeong/menu/2019/08/ HTTP/1.1" 200 5543
[12/Aug/2019 03:50:23] "GET /eunpyeong/menu/2019/08 HTTP/1.1" 301 0
[12/Aug/2019 03:50:23] "GET /eunpyeong/menu/2019/08/ HTTP/1.1" 200 5543
[12/Aug/2019 03:50:26] "GET /eunpyeong/menu/2019/08 HTTP/1.1" 301 0
[12/Aug/2019 03:50:27] "GET /eunpyeong/menu/2019/08/ HTTP/1.1" 200 5543
[12/Aug/2019 10:33:44] "GET /eunpyeong/menu/2019/08 HTTP/1.1" 301 0
[12/Aug/2019 10:33:44] "GET /eunpyeong/menu/2019/08/ HTTP/1.1" 200 5543
[12/Aug/2019 10:33:47] "GET /eunpyeong/menu/2019/08 HTTP/1.1" 301 0
[12/Aug/2019 10:33:47] "GET /eunpyeong/menu/2019/08/ HTTP/1.1" 200 5543
[12/Aug/2019 10:33:48] "GET /eunpyeong/menu/2019/08 HTTP/1.1" 301 0
[12/Aug/2019 10:33:48] "GET /eunpyeong/menu/2019/08/ HTTP/1.1" 200 5543
[12/Aug/2019 10:33:48] "GET /eunpyeong/menu/2019/08 HTTP/1.1" 301 0
[12/Aug/2019 10:33:48] "GET /eunpyeong/menu/2019/08/ HTTP/1.1" 200 5543
[12/Aug/2019 10:33:54] "GET /eunpyeong/menu/2019/08 HTTP/1.1" 301 0
[12/Aug/2019 10:33:54] "GET /eunpyeong/menu/2019/08/ HTTP/1.1" 200 5543
[12/Aug/2019 10:33:56] "GET /eunpyeong/menu/2019/08 HTTP/1.1" 301 0
[12/Aug/2019 10:33:56] "GET /eunpyeong/menu/2019/08/ HTTP/1.1" 200 5543
[12/Aug/2019 10:33:57] "GET /eunpyeong/menu/2019/08 HTTP/1.1" 301 0
[12/Aug/2019 10:33:57] "GET /eunpyeong/menu/2019/08/ HTTP/1.1" 200 5543
[12/Aug/2019 10:33:58] "GET /eunpyeong/menu/2019/08 HTTP/1.1" 301 0
[12/Aug/2019 10:33:58] "GET /eunpyeong/menu/2019/08/ HTTP/1.1" 200 5543
[12/Aug/2019 10:34:00] "GET /eunpyeong/menu/2019/08 HTTP/1.1" 301 0
[12/Aug/2019 10:34:00] "GET /eunpyeong/menu/2019/08/ HTTP/1.1" 200 5543
[12/Aug/2019 10:34:05] "GET /eunpyeong/menu/2019/08 HTTP/1.1" 301 0
[12/Aug/2019 10:34:05] "GET /eunpyeong/menu/2019/08/ HTTP/1.1" 200 5543
[12/Aug/2019 13:32:19] "GET /eunpyeong/menu/2019/08 HTTP/1.1" 301 0
[12/Aug/2019 13:32:19] "GET /eunpyeong/menu/2019/08/ HTTP/1.1" 200 5543
[12/Aug/2019 13:32:21] "GET /eunpyeong/menu/2019/08 HTTP/1.1" 301 0
[12/Aug/2019 13:32:21] "GET /eunpyeong/menu/2019/08/ HTTP/1.1" 200 5543
[12/Aug/2019 13:32:21] "GET /eunpyeong/menu/2019/08 HTTP/1.1" 301 0
[12/Aug/2019 13:32:21] "GET /eunpyeong/menu/2019/08/ HTTP/1.1" 200 5543
[12/Aug/2019 15:11:11] "GET /eunpyeong/menu/2019/08 HTTP/1.1" 301 0
[12/Aug/2019 15:11:11] "GET /eunpyeong/menu/2019/08/ HTTP/1.1" 200 5543
[12/Aug/2019 15:11:13] "GET /eunpyeong/menu/2019/08 HTTP/1.1" 301 0
[12/Aug/2019 15:11:13] "GET /eunpyeong/menu/2019/08/ HTTP/1.1" 200 5543
[12/Aug/2019 15:11:14] "GET /eunpyeong/menu/2019/08 HTTP/1.1" 301 0
[12/Aug/2019 15:11:14] "GET /eunpyeong/menu/2019/08/ HTTP/1.1" 200 5543
[12/Aug/2019 15:11:15] "GET /eunpyeong/menu/2019/08 HTTP/1.1" 301 0
[12/Aug/2019 15:11:15] "GET /eunpyeong/menu/2019/08/ HTTP/1.1" 200 5543
[12/Aug/2019 15:11:20] "GET /eunpyeong/menu/2019/08 HTTP/1.1" 301 0
[12/Aug/2019 15:11:20] "GET /eunpyeong/menu/2019/08/ HTTP/1.1" 200 5543
[12/Aug/2019 15:11:23] "GET /eunpyeong/menu/2019/08 HTTP/1.1" 301 0
[12/Aug/2019 15:11:24] "GET /eunpyeong/menu/2019/08/ HTTP/1.1" 200 5543
[12/Aug/2019 15:11:31] "GET /eunpyeong/menu/2019/08 HTTP/1.1" 301 0
[12/Aug/2019 15:11:31] "GET /eunpyeong/menu/2019/08/ HTTP/1.1" 200 5543
[12/Aug/2019 15:55:27] "GET /eunpyeong/menu/2019/08 HTTP/1.1" 301 0
[12/Aug/2019 15:55:27] "GET /eunpyeong/menu/2019/08/ HTTP/1.1" 200 5543
[12/Aug/2019 15:55:29] "GET /eunpyeong/menu/2019/08 HTTP/1.1" 301 0
[12/Aug/2019 15:55:29] "GET /eunpyeong/menu/2019/08/ HTTP/1.1" 200 5543
[12/Aug/2019 15:55:29] "GET /eunpyeong/menu/2019/08 HTTP/1.1" 301 0
[12/Aug/2019 15:55:29] "GET /eunpyeong/menu/2019/08/ HTTP/1.1" 200 5543
[12/Aug/2019 15:55:31] "GET /eunpyeong/menu/2019/08 HTTP/1.1" 301 0
[12/Aug/2019 15:55:31] "GET /eunpyeong/menu/2019/08/ HTTP/1.1" 200 5543
[12/Aug/2019 15:55:31] "GET /eunpyeong/menu/2019/08 HTTP/1.1" 301 0
[12/Aug/2019 15:55:31] "GET /eunpyeong/menu/2019/08/ HTTP/1.1" 200 5543
[12/Aug/2019 15:55:32] "GET /eunpyeong/menu/2019/08 HTTP/1.1" 301 0
[12/Aug/2019 15:55:32] "GET /eunpyeong/menu/2019/08/ HTTP/1.1" 200 5543
[12/Aug/2019 15:55:32] "GET /eunpyeong/menu/2019/08 HTTP/1.1" 301 0
[12/Aug/2019 15:55:33] "GET /eunpyeong/menu/2019/08/ HTTP/1.1" 200 5543
[12/Aug/2019 15:55:33] "GET /eunpyeong/menu/2019/08 HTTP/1.1" 301 0
[12/Aug/2019 15:55:33] "GET /eunpyeong/menu/2019/08/ HTTP/1.1" 200 5543
[12/Aug/2019 15:55:35] "GET /eunpyeong/menu/2019/08 HTTP/1.1" 301 0
[12/Aug/2019 15:55:35] "GET /eunpyeong/menu/2019/08/ HTTP/1.1" 200 5543
[12/Aug/2019 15:55:36] "GET /eunpyeong/menu/2019/08 HTTP/1.1" 301 0
[12/Aug/2019 15:55:36] "GET /eunpyeong/menu/2019/08/ HTTP/1.1" 200 5543
[12/Aug/2019 15:55:36] "GET /eunpyeong/menu/2019/08 HTTP/1.1" 301 0
[12/Aug/2019 15:55:37] "GET /eunpyeong/menu/2019/08/ HTTP/1.1" 200 5543
[12/Aug/2019 15:55:37] "GET /eunpyeong/menu/2019/08 HTTP/1.1" 301 0
[12/Aug/2019 15:55:37] "GET /eunpyeong/menu/2019/08/ HTTP/1.1" 200 5543
[12/Aug/2019 15:55:37] "GET /eunpyeong/menu/2019/08 HTTP/1.1" 301 0
[12/Aug/2019 15:55:38] "GET /eunpyeong/menu/2019/08/ HTTP/1.1" 200 5543
[12/Aug/2019 15:55:38] "GET /eunpyeong/menu/2019/08 HTTP/1.1" 301 0
[12/Aug/2019 15:55:38] "GET /eunpyeong/menu/2019/08/ HTTP/1.1" 200 5543
[12/Aug/2019 15:55:39] "GET /eunpyeong/menu/2019/08 HTTP/1.1" 301 0
[12/Aug/2019 15:55:39] "GET /eunpyeong/menu/2019/08/ HTTP/1.1" 200 5543
[12/Aug/2019 15:55:40] "GET /eunpyeong/menu/2019/08 HTTP/1.1" 301 0
[12/Aug/2019 15:55:40] "GET /eunpyeong/menu/2019/08/ HTTP/1.1" 200 5543
[12/Aug/2019 18:15:26] "GET /eunpyeong/menu/2019/08 HTTP/1.1" 301 0
[12/Aug/2019 18:15:26] "GET /eunpyeong/menu/2019/08/ HTTP/1.1" 200 5543
[12/Aug/2019 18:15:27] "GET /eunpyeong/menu/2019/08 HTTP/1.1" 301 0
[12/Aug/2019 18:15:27] "GET /eunpyeong/menu/2019/08/ HTTP/1.1" 200 5543
[12/Aug/2019 20:24:41] "GET /eunpyeong/menu/2019/08 HTTP/1.1" 301 0
[12/Aug/2019 20:24:41] "GET /eunpyeong/menu/2019/08/ HTTP/1.1" 200 5543
[12/Aug/2019 20:24:42] "GET /eunpyeong/menu/2019/08 HTTP/1.1" 301 0
[12/Aug/2019 20:24:42] "GET /eunpyeong/menu/2019/08/ HTTP/1.1" 200 5543
[12/Aug/2019 20:24:43] "GET /eunpyeong/menu/2019/08 HTTP/1.1" 301 0
[12/Aug/2019 20:24:43] "GET /eunpyeong/menu/2019/08/ HTTP/1.1" 200 5543
[12/Aug/2019 20:24:44] "GET /eunpyeong/menu/2019/08 HTTP/1.1" 301 0
[12/Aug/2019 20:24:44] "GET /eunpyeong/menu/2019/08/ HTTP/1.1" 200 5543
[12/Aug/2019 20:24:45] "GET /eunpyeong/menu/2019/08 HTTP/1.1" 301 0
[12/Aug/2019 20:24:45] "GET /eunpyeong/menu/2019/08/ HTTP/1.1" 200 5543
[12/Aug/2019 20:25:04] "GET /eunpyeong/menu/2019/08 HTTP/1.1" 301 0
[12/Aug/2019 20:25:04] "GET /eunpyeong/menu/2019/08/ HTTP/1.1" 200 5543
[12/Aug/2019 20:25:07] "GET /eunpyeong/menu/2019/08 HTTP/1.1" 301 0
[12/Aug/2019 20:25:07] "GET /eunpyeong/menu/2019/08/ HTTP/1.1" 200 5543
[12/Aug/2019 20:25:09] "GET /eunpyeong/menu/2019/08 HTTP/1.1" 301 0
[12/Aug/2019 20:25:09] "GET /eunpyeong/menu/2019/08/ HTTP/1.1" 200 5543
[12/Aug/2019 20:33:36] "GET /eunpyeong/menu/2019/08 HTTP/1.1" 301 0
[12/Aug/2019 20:33:37] "GET /eunpyeong/menu/2019/08/ HTTP/1.1" 200 5543
[12/Aug/2019 20:34:06] "GET /eunpyeong/menu/2019/08 HTTP/1.1" 301 0
[12/Aug/2019 20:34:07] "GET /eunpyeong/menu/2019/08/ HTTP/1.1" 200 5543
[12/Aug/2019 20:38:09] "GET /eunpyeong/menu/2019/08 HTTP/1.1" 301 0
[12/Aug/2019 20:40:50] "GET /eunpyeong/menu/2019/08 HTTP/1.1" 301 0
[12/Aug/2019 20:40:53] "GET /eunpyeong/menu/2019/08 HTTP/1.1" 301 0
[12/Aug/2019 20:41:14] "GET /eunpyeong/menu/2019/08 HTTP/1.1" 301 0
[12/Aug/2019 20:41:17] "GET /eunpyeong/menu/2019/08 HTTP/1.1" 301 0
[12/Aug/2019 20:41:21] "GET /eunpyeong/menu/2019/08 HTTP/1.1" 301 0
[12/Aug/2019 20:46:01] "GET /eunpyeong/menu/2019/08/ HTTP/1.1" 200 5543
[12/Aug/2019 20:48:39] "GET /eunpyeong/menu/ HTTP/1.1" 200 147891
[12/Aug/2019 20:49:03] "GET /eunpyeong/menu/2019/08 HTTP/1.1" 301 0
[12/Aug/2019 20:52:18] "GET /eunpyeong/menu/2019/08/ HTTP/1.1" 200 5543
[12/Aug/2019 21:35:56] "GET /eunpyeong/menu/ HTTP/1.1" 200 147891
[12/Aug/2019 22:38:12] "GET /eunpyeong/menu/2019/08 HTTP/1.1" 301 0
[12/Aug/2019 22:38:12] "GET /eunpyeong/menu/2019/08/ HTTP/1.1" 200 5543
[12/Aug/2019 23:01:21] "GET /eunpyeong/menu/2019/08/ HTTP/1.1" 200 5543
[13/Aug/2019 00:53:01] "GET /eunpyeong/menu/2019/08 HTTP/1.1" 301 0
[13/Aug/2019 00:53:01] "GET /eunpyeong/menu/2019/08/ HTTP/1.1" 200 5543
[13/Aug/2019 01:14:33] "GET /eunpyeong/menu/2019/08/ HTTP/1.1" 200 5543
[13/Aug/2019 02:08:04] "GET /eunpyeong/menu/ HTTP/1.1" 200 147891
[13/Aug/2019 03:13:51] "GET /eunpyeong/menu/2019/08 HTTP/1.1" 301 0
[13/Aug/2019 03:13:51] "GET /eunpyeong/menu/2019/08/ HTTP/1.1" 200 5543
[13/Aug/2019 03:36:24] "GET /eunpyeong/menu/2019/08/ HTTP/1.1" 200 5543
[13/Aug/2019 04:33:29] "GET /eunpyeong/menu/ HTTP/1.1" 200 147891
[13/Aug/2019 05:50:12] "GET /eunpyeong/menu/2019/08 HTTP/1.1" 301 0
[13/Aug/2019 05:50:12] "GET /eunpyeong/menu/2019/08/ HTTP/1.1" 200 5543
[13/Aug/2019 06:20:03] "GET /eunpyeong/menu/2019/08/ HTTP/1.1" 200 5543
[13/Aug/2019 07:23:52] "GET /eunpyeong/menu/ HTTP/1.1" 200 147891
[13/Aug/2019 08:31:54] "GET /eunpyeong/menu/2019/08 HTTP/1.1" 301 0
[13/Aug/2019 08:31:55] "GET /eunpyeong/menu/2019/08/ HTTP/1.1" 200 5543
[13/Aug/2019 09:05:16] "GET /eunpyeong/menu/2019/08/ HTTP/1.1" 200 5543
[13/Aug/2019 09:52:25] "GET /eunpyeong/menu/ HTTP/1.1" 200 147891
[13/Aug/2019 11:18:19] "GET /eunpyeong/menu/2019/08 HTTP/1.1" 301 0
[13/Aug/2019 11:18:19] "GET /eunpyeong/menu/2019/08/ HTTP/1.1" 200 5543
[13/Aug/2019 11:47:04] "GET /eunpyeong/menu/2019/08/ HTTP/1.1" 200 5543
[13/Aug/2019 12:47:15] "GET /eunpyeong/menu/ HTTP/1.1" 200 147891
[13/Aug/2019 14:14:00] "GET /eunpyeong/menu/2019/08 HTTP/1.1" 301 0
[13/Aug/2019 14:14:00] "GET /eunpyeong/menu/2019/08/ HTTP/1.1" 200 5543
[13/Aug/2019 14:39:11] "GET /eunpyeong/menu/2019/08/ HTTP/1.1" 200 5543
[13/Aug/2019 15:38:19] "GET /eunpyeong/menu/ HTTP/1.1" 200 147891
[13/Aug/2019 17:08:09] "GET /eunpyeong/menu/2019/08 HTTP/1.1" 301 0
[13/Aug/2019 17:08:09] "GET /eunpyeong/menu/2019/08/ HTTP/1.1" 200 5543
[13/Aug/2019 17:38:31] "GET /eunpyeong/menu/2019/08/ HTTP/1.1" 200 5543
[13/Aug/2019 18:40:36] "GET /eunpyeong/menu/ HTTP/1.1" 200 147891
[13/Aug/2019 20:07:34] "GET /eunpyeong/menu/2019/08 HTTP/1.1" 301 0
[13/Aug/2019 20:07:34] "GET /eunpyeong/menu/2019/08/ HTTP/1.1" 200 5543
[13/Aug/2019 20:13:50] "GET /eunpyeong/menu/2019/08 HTTP/1.1" 301 0
[13/Aug/2019 20:13:51] "GET /eunpyeong/menu/2019/08/ HTTP/1.1" 200 5543
[13/Aug/2019 20:14:12] "GET /eunpyeong/menu/2019/08 HTTP/1.1" 301 0
[13/Aug/2019 20:14:12] "GET /eunpyeong/menu/2019/08/ HTTP/1.1" 200 5543
[13/Aug/2019 20:14:17] "GET /eunpyeong/menu/2019/08 HTTP/1.1" 301 0
[13/Aug/2019 20:14:17] "GET /eunpyeong/menu/2019/08/ HTTP/1.1" 200 5543
[13/Aug/2019 20:14:18] "GET /eunpyeong/menu/2019/08 HTTP/1.1" 301 0
[13/Aug/2019 20:14:18] "GET /eunpyeong/menu/2019/08/ HTTP/1.1" 200 5543
[13/Aug/2019 20:36:30] "GET /eunpyeong/menu/2019/08/ HTTP/1.1" 200 5543
[13/Aug/2019 21:34:42] "GET /eunpyeong/menu/2019/08 HTTP/1.1" 301 0
[13/Aug/2019 21:34:42] "GET /eunpyeong/menu/2019/08/ HTTP/1.1" 200 5543
[13/Aug/2019 21:38:50] "GET /eunpyeong/menu/ HTTP/1.1" 200 147891
[13/Aug/2019 23:04:23] "GET /eunpyeong/menu/2019/08 HTTP/1.1" 301 0
[13/Aug/2019 23:04:23] "GET /eunpyeong/menu/2019/08/ HTTP/1.1" 200 5543
[13/Aug/2019 23:37:54] "GET /eunpyeong/menu/2019/08/ HTTP/1.1" 200 5543
[14/Aug/2019 01:58:04] "GET /eunpyeong/menu/2019/08 HTTP/1.1" 301 0
[14/Aug/2019 01:58:04] "GET /eunpyeong/menu/2019/08/ HTTP/1.1" 200 5543
[14/Aug/2019 03:26:23] "GET /eunpyeong/menu/ HTTP/1.1" 200 147891
[14/Aug/2019 05:23:58] "GET /eunpyeong/menu/2019/08/ HTTP/1.1" 200 5543
[14/Aug/2019 06:26:47] "GET /eunpyeong/menu/ HTTP/1.1" 200 147891
[14/Aug/2019 07:58:34] "GET /eunpyeong/menu/2019/08 HTTP/1.1" 301 0
[14/Aug/2019 07:58:35] "GET /eunpyeong/menu/2019/08/ HTTP/1.1" 200 5543
[14/Aug/2019 08:27:40] "GET /eunpyeong/menu/2019/08/ HTTP/1.1" 200 5543
[14/Aug/2019 09:38:47] "GET /eunpyeong/menu/ HTTP/1.1" 200 147891
[14/Aug/2019 11:19:05] "GET /eunpyeong/menu/2019/08 HTTP/1.1" 301 0
[14/Aug/2019 11:19:06] "GET /eunpyeong/menu/2019/08/ HTTP/1.1" 200 5543
[14/Aug/2019 11:51:18] "GET /eunpyeong/menu/2019/08/ HTTP/1.1" 200 5543
[14/Aug/2019 14:29:06] "GET /eunpyeong/menu/2019/08 HTTP/1.1" 301 0
[14/Aug/2019 14:29:06] "GET /eunpyeong/menu/2019/08/ HTTP/1.1" 200 5543
[14/Aug/2019 14:43:10] "GET /eunpyeong/menu/2019/08 HTTP/1.1" 301 0
[14/Aug/2019 14:43:10] "GET /eunpyeong/menu/2019/08/ HTTP/1.1" 200 5543
[14/Aug/2019 14:43:18] "GET /eunpyeong/menu/2019/08 HTTP/1.1" 301 0
[14/Aug/2019 14:43:18] "GET /eunpyeong/menu/2019/08/ HTTP/1.1" 200 5543
[14/Aug/2019 14:43:24] "GET /eunpyeong/menu/2019/08 HTTP/1.1" 301 0
[14/Aug/2019 14:43:24] "GET /eunpyeong/menu/2019/08/ HTTP/1.1" 200 5543
[14/Aug/2019 14:43:25] "GET /eunpyeong/menu/2019/08 HTTP/1.1" 301 0
[14/Aug/2019 14:43:25] "GET /eunpyeong/menu/2019/08/ HTTP/1.1" 200 5543
[14/Aug/2019 15:05:22] "GET /eunpyeong/menu/2019/08/ HTTP/1.1" 200 5543
[14/Aug/2019 16:13:34] "GET /eunpyeong/menu/ HTTP/1.1" 200 147891
[14/Aug/2019 17:29:57] "GET /eunpyeong/menu/2019/08 HTTP/1.1" 301 0
[14/Aug/2019 17:29:57] "GET /eunpyeong/menu/2019/08/ HTTP/1.1" 200 5543
[14/Aug/2019 17:48:31] "GET /eunpyeong/menu/2019/08 HTTP/1.1" 301 0
[14/Aug/2019 17:48:32] "GET /eunpyeong/menu/2019/08/ HTTP/1.1" 200 5543
[14/Aug/2019 18:36:14] "GET /eunpyeong/menu/2019/08/ HTTP/1.1" 200 5543
[14/Aug/2019 20:25:17] "GET /eunpyeong/menu/2019/08 HTTP/1.1" 301 0
[14/Aug/2019 20:25:18] "GET /eunpyeong/menu/2019/08/ HTTP/1.1" 200 5543
[14/Aug/2019 20:25:39] "GET /eunpyeong/menu/2019/08 HTTP/1.1" 301 0
[14/Aug/2019 20:25:39] "GET /eunpyeong/menu/2019/08/ HTTP/1.1" 200 5543
[14/Aug/2019 20:25:47] "GET /eunpyeong/menu/2019/08 HTTP/1.1" 301 0
[14/Aug/2019 20:25:47] "GET /eunpyeong/menu/2019/08/ HTTP/1.1" 200 5543
[14/Aug/2019 20:25:51] "GET /eunpyeong/menu/2019/08 HTTP/1.1" 301 0
[14/Aug/2019 20:25:52] "GET /eunpyeong/menu/2019/08/ HTTP/1.1" 200 5543
[14/Aug/2019 20:25:52] "GET /eunpyeong/menu/2019/08 HTTP/1.1" 301 0
[14/Aug/2019 20:25:52] "GET /eunpyeong/menu/2019/08/ HTTP/1.1" 200 5543
[14/Aug/2019 20:25:55] "GET /eunpyeong/menu/2019/08 HTTP/1.1" 301 0
[14/Aug/2019 20:25:55] "GET /eunpyeong/menu/2019/08/ HTTP/1.1" 200 5543
[14/Aug/2019 20:57:31] "GET /eunpyeong/menu/2019/08 HTTP/1.1" 301 0
[14/Aug/2019 20:57:31] "GET /eunpyeong/menu/2019/08/ HTTP/1.1" 200 5543
[14/Aug/2019 20:57:34] "GET /eunpyeong/menu/2019/08 HTTP/1.1" 301 0
[14/Aug/2019 20:57:34] "GET /eunpyeong/menu/2019/08/ HTTP/1.1" 200 5543
[14/Aug/2019 20:57:34] "GET /eunpyeong/menu/2019/08 HTTP/1.1" 301 0
[14/Aug/2019 20:57:34] "GET /eunpyeong/menu/2019/08/ HTTP/1.1" 200 5543
[14/Aug/2019 20:57:36] "GET /eunpyeong/menu/2019/08 HTTP/1.1" 301 0
[14/Aug/2019 20:57:36] "GET /eunpyeong/menu/2019/08/ HTTP/1.1" 200 5543
[14/Aug/2019 20:57:36] "GET /eunpyeong/menu/2019/08 HTTP/1.1" 301 0
[14/Aug/2019 20:57:36] "GET /eunpyeong/menu/2019/08/ HTTP/1.1" 200 5543
[14/Aug/2019 21:33:06] "GET /eunpyeong/menu/2019/08 HTTP/1.1" 301 0
[14/Aug/2019 21:33:06] "GET /eunpyeong/menu/2019/08/ HTTP/1.1" 200 5543
[14/Aug/2019 22:03:13] "GET /eunpyeong/menu/2019/08/ HTTP/1.1" 200 5543
[14/Aug/2019 23:25:08] "GET /eunpyeong/menu/ HTTP/1.1" 200 147891
[15/Aug/2019 01:02:49] "GET /eunpyeong/menu/2019/08 HTTP/1.1" 301 0
[15/Aug/2019 01:02:49] "GET /eunpyeong/menu/2019/08/ HTTP/1.1" 200 5543
[15/Aug/2019 01:41:20] "GET /eunpyeong/menu/2019/08/ HTTP/1.1" 200 5543
[15/Aug/2019 02:53:50] "GET /eunpyeong/menu/ HTTP/1.1" 200 147891
[15/Aug/2019 04:37:23] "GET /eunpyeong/menu/2019/08 HTTP/1.1" 301 0
[15/Aug/2019 04:37:24] "GET /eunpyeong/menu/2019/08/ HTTP/1.1" 200 5543
[15/Aug/2019 08:08:52] "GET /eunpyeong/menu/2019/08 HTTP/1.1" 301 0
[15/Aug/2019 08:08:52] "GET /eunpyeong/menu/2019/08/ HTTP/1.1" 200 5543
[15/Aug/2019 08:45:33] "GET /eunpyeong/menu/2019/08/ HTTP/1.1" 200 5543
[15/Aug/2019 10:13:32] "GET /eunpyeong/menu/ HTTP/1.1" 200 147891
[15/Aug/2019 11:23:08] "GET /eunpyeong/menu/2019/08 HTTP/1.1" 301 0
[15/Aug/2019 11:23:08] "GET /eunpyeong/menu/2019/08/ HTTP/1.1" 200 5543
[15/Aug/2019 11:58:29] "GET /eunpyeong/menu/2019/08 HTTP/1.1" 301 0
[15/Aug/2019 11:58:30] "GET /eunpyeong/menu/2019/08/ HTTP/1.1" 200 5543
[15/Aug/2019 12:40:42] "GET /eunpyeong/menu/2019/08/ HTTP/1.1" 200 5543
[15/Aug/2019 14:12:40] "GET /eunpyeong/menu/ HTTP/1.1" 200 147891
[15/Aug/2019 16:18:03] "GET /eunpyeong/menu/2019/08 HTTP/1.1" 301 0
[15/Aug/2019 16:18:03] "GET /eunpyeong/menu/2019/08/ HTTP/1.1" 200 5543
[15/Aug/2019 18:29:53] "GET /eunpyeong/menu/ HTTP/1.1" 200 147891
[15/Aug/2019 20:30:27] "GET /eunpyeong/menu/2019/08 HTTP/1.1" 301 0
[15/Aug/2019 20:30:28] "GET /eunpyeong/menu/2019/08/ HTTP/1.1" 200 5543
[15/Aug/2019 21:11:11] "GET /eunpyeong/menu/2019/08/ HTTP/1.1" 200 5543
[15/Aug/2019 22:44:32] "GET /eunpyeong/menu/ HTTP/1.1" 200 147891
[16/Aug/2019 00:45:34] "GET /eunpyeong/menu/2019/08 HTTP/1.1" 301 0
[16/Aug/2019 00:45:34] "GET /eunpyeong/menu/2019/08/ HTTP/1.1" 200 5543
[16/Aug/2019 01:35:08] "GET /eunpyeong/menu/2019/08/ HTTP/1.1" 200 5543
[16/Aug/2019 03:00:34] "GET /eunpyeong/menu/ HTTP/1.1" 200 147891
[16/Aug/2019 05:03:15] "GET /eunpyeong/menu/2019/08 HTTP/1.1" 301 0
[16/Aug/2019 05:03:16] "GET /eunpyeong/menu/2019/08/ HTTP/1.1" 200 5543
[16/Aug/2019 05:46:41] "GET /eunpyeong/menu/2019/08/ HTTP/1.1" 200 5543
[16/Aug/2019 06:37:06] "GET /eunpyeong/menu/2019/08 HTTP/1.1" 301 0
[16/Aug/2019 06:37:07] "GET /eunpyeong/menu/2019/08/ HTTP/1.1" 200 5543
[16/Aug/2019 07:16:47] "GET /eunpyeong/menu/ HTTP/1.1" 200 147891
[16/Aug/2019 09:21:30] "GET /eunpyeong/menu/2019/08 HTTP/1.1" 301 0
[16/Aug/2019 09:21:31] "GET /eunpyeong/menu/2019/08/ HTTP/1.1" 200 5543
[16/Aug/2019 10:04:36] "GET /eunpyeong/menu/2019/08/ HTTP/1.1" 200 5543
[16/Aug/2019 13:56:26] "GET /eunpyeong/menu/2019/08 HTTP/1.1" 301 0
[16/Aug/2019 13:56:27] "GET /eunpyeong/menu/2019/08/ HTTP/1.1" 200 5543
[16/Aug/2019 14:45:07] "GET /eunpyeong/menu/2019/08/ HTTP/1.1" 200 5543
[16/Aug/2019 16:52:26] "GET /eunpyeong/menu/ HTTP/1.1" 200 147891
[16/Aug/2019 20:16:51] "GET /eunpyeong/menu/2019/08 HTTP/1.1" 301 0
[16/Aug/2019 20:16:51] "GET /eunpyeong/menu/2019/08/ HTTP/1.1" 200 5543
[16/Aug/2019 21:28:29] "GET /eunpyeong/menu/2019/08 HTTP/1.1" 301 0
[16/Aug/2019 21:28:29] "GET /eunpyeong/menu/2019/08/ HTTP/1.1" 200 5543
[16/Aug/2019 21:35:15] "GET /eunpyeong/menu/2019/08/ HTTP/1.1" 200 5543
[17/Aug/2019 00:24:25] "GET /eunpyeong/menu/ HTTP/1.1" 200 147891
[17/Aug/2019 04:04:07] "GET /eunpyeong/menu/2019/08 HTTP/1.1" 301 0
[17/Aug/2019 04:04:07] "GET /eunpyeong/menu/2019/08/ HTTP/1.1" 200 5543
[17/Aug/2019 05:11:10] "GET /eunpyeong/menu/2019/08 HTTP/1.1" 301 0
[17/Aug/2019 05:11:10] "GET /eunpyeong/menu/2019/08/ HTTP/1.1" 200 5543
[17/Aug/2019 05:34:25] "GET /eunpyeong/menu/2019/08/ HTTP/1.1" 200 5543
[17/Aug/2019 08:29:06] "GET /eunpyeong/menu/ HTTP/1.1" 200 147891
[17/Aug/2019 11:54:14] "GET /favicon.ico HTTP/1.1" 404 77
[17/Aug/2019 12:40:21] "GET /eunpyeong/menu/2019/08 HTTP/1.1" 301 0
[17/Aug/2019 12:40:22] "GET /eunpyeong/menu/2019/08/ HTTP/1.1" 200 5543
[17/Aug/2019 14:10:06] "GET /eunpyeong/menu/2019/08/ HTTP/1.1" 200 5543
[17/Aug/2019 15:55:44] "GET /eunpyeong/menu/2019/08 HTTP/1.1" 301 0
[17/Aug/2019 15:55:44] "GET /eunpyeong/menu/2019/08/ HTTP/1.1" 500 27
[17/Aug/2019 15:58:40] "GET / HTTP/1.1" 404 77
[17/Aug/2019 15:58:40] "GET /favicon.ico HTTP/1.1" 404 77
[17/Aug/2019 15:58:46] "GET / HTTP/1.1" 404 77
[17/Aug/2019 15:59:07] "GET / HTTP/1.1" 404 77
[17/Aug/2019 15:59:09] "GET / HTTP/1.1" 404 77
[17/Aug/2019 15:59:31] "GET / HTTP/1.1" 404 77
[17/Aug/2019 16:00:01] "GET / HTTP/1.1" 404 77
[17/Aug/2019 16:01:09] "GET / HTTP/1.1" 404 77
[17/Aug/2019 16:01:16] "GET / HTTP/1.1" 404 77
[17/Aug/2019 16:01:20] "GET / HTTP/1.1" 404 77
Performing system checks...

System check identified no issues (0 silenced).
August 08, 2019 - 20:34:00
Django version 2.1.8, using settings 'namsigdang.settings'
Starting development server at http://0:3000/
Quit the server with CONTROL-C.
Not Found: /
[17/Aug/2019 16:01:50] "GET / HTTP/1.1" 404 2053
[17/Aug/2019 16:02:02] "GET /eunpyeong/menu HTTP/1.1" 301 0
[17/Aug/2019 16:02:03] "GET /eunpyeong/menu/ HTTP/1.1" 200 147891
[17/Aug/2019 16:02:08] "GET /eunpyeong/menu/2019/08 HTTP/1.1" 301 0
[17/Aug/2019 16:02:08] "GET /eunpyeong/menu/2019/08/ HTTP/1.1" 200 5543
[17/Aug/2019 16:02:09] "GET /eunpyeong/menu/2019/08 HTTP/1.1" 301 0
[17/Aug/2019 16:02:09] "GET /eunpyeong/menu/2019/08/ HTTP/1.1" 200 5543
[17/Aug/2019 16:05:43] "GET /eunpyeong/menu/ HTTP/1.1" 200 147891
[17/Aug/2019 16:05:50] "GET /eunpyeong/menu/2019/08 HTTP/1.1" 301 0
[17/Aug/2019 16:05:50] "GET /eunpyeong/menu/2019/08/ HTTP/1.1" 200 5543
[17/Aug/2019 16:05:51] "GET /eunpyeong/menu/2019/08 HTTP/1.1" 301 0
[17/Aug/2019 16:05:51] "GET /eunpyeong/menu/2019/08/ HTTP/1.1" 200 5543
[17/Aug/2019 16:05:52] "GET /eunpyeong/menu/2019/08 HTTP/1.1" 301 0
[17/Aug/2019 16:05:52] "GET /eunpyeong/menu/2019/08/ HTTP/1.1" 200 5543
[17/Aug/2019 16:05:54] "GET /eunpyeong/menu/2019/08 HTTP/1.1" 301 0
[17/Aug/2019 16:05:55] "GET /eunpyeong/menu/2019/08/ HTTP/1.1" 200 5543
[17/Aug/2019 16:05:55] "GET /eunpyeong/menu/2019/08 HTTP/1.1" 301 0
[17/Aug/2019 16:05:55] "GET /eunpyeong/menu/2019/08/ HTTP/1.1" 200 5543
[17/Aug/2019 16:05:56] "GET /eunpyeong/menu/2019/08 HTTP/1.1" 301 0
[17/Aug/2019 16:05:56] "GET /eunpyeong/menu/2019/08/ HTTP/1.1" 200 5543
[17/Aug/2019 16:05:56] "GET /eunpyeong/menu/2019/08 HTTP/1.1" 301 0
[17/Aug/2019 16:05:56] "GET /eunpyeong/menu/2019/08/ HTTP/1.1" 200 5543
[17/Aug/2019 16:05:59] "GET /eunpyeong/menu/2019/08 HTTP/1.1" 301 0
[17/Aug/2019 16:05:59] "GET /eunpyeong/menu/2019/08/ HTTP/1.1" 200 5543
[17/Aug/2019 16:18:32] "GET /eunpyeong/menu/ HTTP/1.1" 200 147891
[17/Aug/2019 16:18:34] "GET /eunpyeong/menu/ HTTP/1.1" 200 147891
[17/Aug/2019 16:18:38] "GET /eunpyeong/menu/ HTTP/1.1" 200 147891
Performing system checks...

System check identified no issues (0 silenced).
August 17, 2019 - 16:01:49
Django version 2.1.8, using settings 'namsigdang.settings'
Starting development server at http://0:3000/
Quit the server with CONTROL-C.
[17/Aug/2019 17:06:35] "GET /eunpyeong/menu/2019/08 HTTP/1.1" 301 0
[17/Aug/2019 17:06:35] "GET /eunpyeong/menu/2019/08/ HTTP/1.1" 200 7479
[17/Aug/2019 17:06:36] "GET /eunpyeong/menu/2019/08 HTTP/1.1" 301 0
[17/Aug/2019 17:06:36] "GET /eunpyeong/menu/2019/08/ HTTP/1.1" 200 7479
[17/Aug/2019 17:06:38] "GET /eunpyeong/menu/2019/08 HTTP/1.1" 301 0
[17/Aug/2019 17:06:38] "GET /eunpyeong/menu/2019/08/ HTTP/1.1" 200 7479
[17/Aug/2019 17:06:38] "GET /eunpyeong/menu/2019/08 HTTP/1.1" 301 0
[17/Aug/2019 17:06:38] "GET /eunpyeong/menu/2019/08/ HTTP/1.1" 200 7479
[17/Aug/2019 17:06:39] "GET /eunpyeong/menu/2019/08 HTTP/1.1" 301 0
[17/Aug/2019 17:06:39] "GET /eunpyeong/menu/2019/08/ HTTP/1.1" 200 7479
[17/Aug/2019 17:06:39] "GET /eunpyeong/menu/2019/08 HTTP/1.1" 301 0
[17/Aug/2019 17:06:40] "GET /eunpyeong/menu/2019/08/ HTTP/1.1" 200 7479
[17/Aug/2019 17:06:40] "GET /eunpyeong/menu/2019/08 HTTP/1.1" 301 0
[17/Aug/2019 17:06:40] "GET /eunpyeong/menu/2019/08/ HTTP/1.1" 200 7479
[17/Aug/2019 17:06:41] "GET /eunpyeong/menu/2019/08 HTTP/1.1" 301 0
[17/Aug/2019 17:06:41] "GET /eunpyeong/menu/2019/08/ HTTP/1.1" 200 7479
[17/Aug/2019 17:06:41] "GET /eunpyeong/menu/2019/08 HTTP/1.1" 301 0
[17/Aug/2019 17:06:41] "GET /eunpyeong/menu/2019/08/ HTTP/1.1" 200 7479
[17/Aug/2019 17:06:42] "GET /eunpyeong/menu/2019/08 HTTP/1.1" 301 0
[17/Aug/2019 17:06:42] "GET /eunpyeong/menu/2019/08/ HTTP/1.1" 200 7479
[17/Aug/2019 17:06:43] "GET /eunpyeong/menu/2019/08 HTTP/1.1" 301 0
[17/Aug/2019 17:06:43] "GET /eunpyeong/menu/2019/08/ HTTP/1.1" 200 7479
[17/Aug/2019 17:06:44] "GET /eunpyeong/menu/2019/08 HTTP/1.1" 301 0
[17/Aug/2019 17:06:44] "GET /eunpyeong/menu/2019/08/ HTTP/1.1" 200 7479
[17/Aug/2019 17:06:44] "GET /eunpyeong/menu/2019/08 HTTP/1.1" 301 0
[17/Aug/2019 17:06:44] "GET /eunpyeong/menu/2019/08/ HTTP/1.1" 200 7479
[17/Aug/2019 17:06:45] "GET /eunpyeong/menu/2019/08 HTTP/1.1" 301 0
[17/Aug/2019 17:06:45] "GET /eunpyeong/menu/2019/08/ HTTP/1.1" 200 7479
Not Found: /favicon.ico
[17/Aug/2019 17:06:58] "GET /favicon.ico HTTP/1.1" 404 2104
[17/Aug/2019 17:07:06] "GET /eunpyeong/menu/2019/08 HTTP/1.1" 301 0
[17/Aug/2019 17:07:06] "GET /eunpyeong/menu/2019/08/ HTTP/1.1" 200 7479
Performing system checks...

System check identified no issues (0 silenced).
August 17, 2019 - 16:25:45
Django version 2.1.8, using settings 'namsigdang.settings'
Starting development server at http://0:3000/
Quit the server with CONTROL-C.
Performing system checks...

System check identified no issues (0 silenced).
August 17, 2019 - 17:08:15
Django version 2.1.8, using settings 'namsigdang.settings'
Starting development server at http://0:3000/
Quit the server with CONTROL-C.
Performing system checks...

System check identified no issues (0 silenced).
August 17, 2019 - 17:11:52
Django version 2.1.8, using settings 'namsigdang.settings'
Starting development server at http://0:3000/
Quit the server with CONTROL-C.
[17/Aug/2019 17:15:27] "GET /eunpyeong/menu/ HTTP/1.1" 200 149884
[17/Aug/2019 17:16:28] "GET /eunpyeong/menu/2019/08/ HTTP/1.1" 200 7479
Performing system checks...

System check identified no issues (0 silenced).
August 17, 2019 - 17:13:07
Django version 2.1.8, using settings 'namsigdang.settings'
Starting development server at http://0:3000/
Quit the server with CONTROL-C.
